<logheader platform="Linux" env-locale-cs="ANSI_X3.4-1968" process_id="avtar" version="7.5.100-183" tz="PST" />

--------------------------------------------------------------------------------------------------------
-----  START avtar log 2017-11-16 00:31:08 PST  [7.5.100-183 Linux-x86_64]
--------------------------------------------------------------------------------------------------------

2017-11-16 00:31:08 avtar Info <5008>: Logging to /usr/local/avamar/var/clidev-isilon2-2-vm-griffin-6173/progress-MOD-1510821025182-1001-Unix_Progress.log
2017-11-16 00:31:08 avtar Info <5174>: - Reading /root/.avamar
2017-11-16 00:31:08 avtar Info <5174>: - Reading /usr/local/avamar/etc/usersettings.cfg
2017-11-16 00:31:08 avtar Info <5174>: - Reading /usr/local/avamar/var/clidev-isilon2-2-vm-griffin-6173/avtar.cmd
2017/11/16-08:31:08.48919 [avtar]  uflags::parsefile  Printing flags from /usr/local/avamar/var/clidev-isilon2-2-vm-griffin-6173/avtar.cmd:
.cmd flag [1]: --debug=true
.cmd flag [2]: --x02=6144

2017/11/16-08:31:08.48922 [avtar]  Looking for flag file "/root/.avtar"
2017/11/16-08:31:08.48923 [avtar]  client::check_for_workorder begin
2017/11/16-08:31:08.48927 [avtar]  client::check_for_workorder no workorder file
2017/11/16-08:31:08.48941 [avtar]  Using Intel implementation of SHA1
2017/11/16-08:31:08.48942 [avtar]  CID flags.clientid:0
2017-11-16 00:31:08 avtar Info <5612>: - - Reading CID '/usr/local/avamar/var/clidev-isilon2-2-vm-griffin-6173/cid.bin'
2017-11-16 00:31:08 avtar Info <5614>: - - CID = 0a4fc2dcc3ff974d81f16ce9c595fa5162d0d1b5 for "vm-griffin-6177.asl.lab.emc.com" (1502998702)
2017/11/16-08:31:08.48949 [avtar]  read cid 0a4fc2dcc3ff974d81f16ce9c595fa5162d0d1b5
2017/11/16-08:31:08.48950 [avtar]  client::check_pluginid flags.pluginid:1001-Linux
2017-11-16 00:31:08 avtar Info <5551>: Command Line: /usr/local/avamar/bin/avtar.bin --flagfile=/usr/local/avamar/etc/usersettings.cfg --password=**************** --server=vm-griffin-6177.asl.lab.emc.com --id=root --debug=true --x02=6144 --sysdir=/usr/local/avamar/etc/clidev-isilon2-2-vm-griffin-6173 --bindir=/usr/local/avamar/bin --vardir=/usr/local/avamar/var/clidev-isilon2-2-vm-griffin-6173 --ctlcallport=41737 --ctlinterface=1001-progress-MOD-1510821025182 --logtimeformat=default --logtimezone=default --logfile=/usr/local/avamar/var/clidev-isilon2-2-vm-griffin-6173/progress-MOD-1510821025182-1001-Unix_Progress.log
2017-11-16 00:31:08 avtar Info <7977>: Starting at 2017-11-16 00:31:08 PST [avtar Jun 12 2017 11:47:51 7.5.100-183 Linux-x86_64]
2017/11/16-08:31:08.48956 [avtar]  starting watchdog thread
2017/11/16-08:31:08.49038 [watchdog]  Startup, pid=5805 tid=32 stack=0x7feb80f15ccf td=0x7feb812cdd00
2017/11/16-08:31:08.49039 [watchdog]  watchdog thread: cancel_timer_secs=600, pollrate=10
2017/11/16-08:31:08.49042 [avtar]  checking ctlinterface:'1001-progress-MOD-1510821025182'
2017/11/16-08:31:08.49042 [avtar]  client trying to run in ctl_mode int:1001-progress-MOD-1510821025182 port:41737
2017/11/16-08:31:08.49044 [avtar]  client.run_in_ctl_mode(127.0.0.1:41737) ctlcallport:41737 ctlinterface:1001-progress-MOD-1510821025182 xdrctl:0
2017/11/16-08:31:08.51131 [avtar]  <1291> FIPS mode enabled
2017/11/16-08:31:08.51193 [avtar]  sock::libinit(enc="tls", encrypt_strength="high", verify=0) socktype="sock_ssl"
2017/11/16-08:31:08.51194 [avtar]  sockimpl::libinit(usessl=1, verify=0, encrypt_strength="high", pemdir="/usr/local/avamar/etc/clidev-isilon2-2-vm-griffin-6173")
2017/11/16-08:31:08.51194 [avtar]  sslcontext::libinit
2017/11/16-08:31:08.51209 [avtar]  sslcontext::libinit verifypeer=0, encrypt_strength="high", global_sslctx=0x7feb812c7f98, global_sslctx->ctx=0x1748050
2017/11/16-08:31:08.51802 [avtar]  utar_ctl_sup::utar_ctl_sup constructor
2017/11/16-08:31:08.51804 [avtar]  ctl_connection::handshake
2017/11/16-08:31:08.51805 [avtar]  ctl_connection::handshake
2017/11/16-08:31:08.51805 [avtar]  ctl_connection::startup_client client state:0x1749730
2017/11/16-08:31:08.51806 [avtar]  tcpsock::createrawclient ipaddr:127.0.0.1:41737
2017/11/16-08:31:08.52199 [avtar]  sockaddr_type::sockaddr_type Creating AF_INET6 socket failed with error: 'code 97: Address family not supported by protocol'. Setting family to IPv4.
2017/11/16-08:31:08.52203 [avtar]  sockimpl::initclient connect timeout = 0 ipaddr:127.0.0.1:41737 netbind:, modified_netbind:
2017/11/16-08:31:08.52240 [avtar]  ctl_connection::lowsend:
send:<greeting pid="avtar" max_message_size="268435456" msgver="2" pidnum="1001" key="1001-progress-MOD-1510821025182" msgver2="3" version="7.5.100-183" mid="5802/5802/32" last_ctl_man_key="1001-progress-MOD-1510821025182" wid="" processid="5802" />

2017/11/16-08:31:08.52303 [avtar]  ctl_connection::lowdata:
recv:<greeting pid="avtar" ack="true" max_message_size="268435456" msgver="2" pidnum="1001" key="1001-progress-MOD-1510821025182" msgverres="3" msgver2="3" version="7.5.100-183" mid="5802/5802/32" last_ctl_man_key="1001-progress-MOD-1510821025182" wid="" processid="5802" />

2017-11-16 00:31:08 avtar Info <10684>: Setting ctl message version to 3 (from 1)
2017/11/16-08:31:08.52308 [avtar]  ctl_connection::set_mess_maxsize using default maxsize for version 3
2017-11-16 00:31:08 avtar Info <16136>: Setting ctl max message size to 268435456
2017/11/16-08:31:08.52397 [ctl_connection_recv]  Startup, pid=5811 tid=33 stack=0x7feb80714ccf td=0x7feb812cdb40
2017/11/16-08:31:08.52616 [ctl_conn_recv-]  ctl_connection::lowdata:
recv:<start_progress_avtar mid="3844/3859/61">
  <snapup pid="Unix Progress" time="1510821045" did="on-demand" ack="false" type="work" msgver="5" pidnum="1001" work="backup" ticket="&lt;session-ticket  ticket-ordinal=&quot;9&quot; id=&quot;9151082102518209&quot; dpn-id=&quot;1502998702&quot; client-id=&quot;0a4fc2dcc3ff974d81f16ce9c595fa5162d0d1b5&quot; user-id=&quot;backuponly&quot; passwd=&quot;*&quot; path=&quot;/yizhou/clidev-isilon2-2-vm-griffin-6173&quot; permissions=&quot;read,backup,readdir&quot; overtime=&quot;false&quot; valid-time-start=&quot;1510813825&quot; valid-time-end=&quot;1511425825&quot; /&gt;" key="1001-progress-MOD-1510821025182" sync="bg" sessionid="613d362e5b2574d4638c45b36c454b2f5c53f109" cid="0a4fc2dcc3ff974d81f16ce9c595fa5162d0d1b5" gsansid="9151082102518209" last_ctl_man_key="1001-progress-MOD-1510821025182" mid="3844/3859/59" wid="progress-MOD-1510821025182" customaction="">
    <directives>
      <flag type="string" value="tls" name="encrypt" />
      <flag type="string" value="high" name="encrypt-strength" />
      <flag type="string" value="1516005045" name="expire" />
      <flag type="string" value="none" name="retention-type" />
      <flag type="string" value="vm-griffin-6177.asl.lab.emc.com" name="hfsaddr" />
      <flag type="string" value="27000" name="hfsport" />
      <flag type="password" value="****" name="ddr-auth-token-key" />
      <flag type="string" value="backuponly" name="id" />
      <flag type="password" value="****" name="ap" />
      <flag type="string" value="/yizhou/clidev-isilon2-2-vm-griffin-6173" name="path" />
    </directives>
    <catalog>
      <flag type="pulldown" value="default" name="[avtar]ddr-encrypt-strength" />
      <flag type="checkbox" value="true" name="ddr" />
      <flag type="pulldown" value="1" name="ddr-index" />
      <flag type="pulldown" pidnum="14003" value="4" name="max-streams" />
      <flag type="pulldown" pidnum="14003" value="try-incremental" name="mode" />
    </catalog>
    <browse-from-catalog>
      <flag type="password" pidnum="14003" value="****" name="filerbrowsepswd" />
      <flag type="string" pidnum="14003" value="root" name="filerbrowseuser" />
    </browse-from-catalog>
    <free-form />
    <agent_directives>
      <flag type="string" pidnum="1001" value="true" name="fakeprogress" />
      <flag type="string" value="Isilon Filer" name="pidname" />
      <flag type="string" value="14003" name="pidnum" />
      <flag type="string" value="MOD-1510821025182" name="widimage" />
      <flag type="string" value="9151082102518209" name="sessionid" />
    </agent_directives>
    <targetlist>
      <path backup="true" name="/ifs/100MB_br/">
        <dir name="100MB_br" size="915" selectable="true" fstype="container" />
      </path>
    </targetlist>
  </snapup>
</start_progress_avtar>

2017/11/16-08:31:08.52729 [ctl_conn_recv-]  ctl_connection::lowdata:
recv:<workorder_status pid="Isilon Filer" ack="false" startUTC="2017-11-16 08:31:04" pidnum="14003" work="" cid="0a4fc2dcc3ff974d81f16ce9c595fa5162d0d1b5" cumlative_duration="00:00:04" last_ctl_man_key="14003-MOD-1510821025182" mid="5733/5752/34" wid="MOD-1510821025182">
  <sessionprogress keepalive="false" time="1510821068" estimatedbytes="0" filename="..._2F100MB_5Fbr/dir-00/dir-00-01/datagen-seed-0012344000-cr-000-os-0000309333172-len-0000005330391.bin" paused="0" server_name="vm-griffin-6177.asl.lab.emc.com" files="26" modfilebytes="10063" cputime="0" modfiles="26" bytes="183230976" timestamp="2017-11-16 08:31:08" elapsed="3" mid="5733/5752/33" vmsize="0">
    <dataprocessed percentnew="0.0000" percentinfcache="29.8040" percentinhcache="0.0000" percentispresent="0.0000" percentreduced="70.1890" kbytes="14" />
    <datasent percentdir="0.00" percentatomic="0.00" percentctrl="0.00" percentcomposite="0.00" kbytes="0" />
  </sessionprogress>
</workorder_status>

2017/11/16-08:31:08.52695 [ctl_connection_send]  Startup, pid=5813 tid=34 stack=0x7feb7ff13ccf td=0x7feb812e8970
2017-11-16 00:31:08 avtar Info <6767>: Successfully connected to 127.0.0.1:41737
2017/11/16-08:31:08.52742 [avtar]  client.run_in_ctl_mode starting up sup
2017/11/16-08:31:08.52746 [utar_ctl_sup]  Startup, pid=5814 tid=35 stack=0x7feb7f712ccf td=0x7feb812e87b0
2017/11/16-08:31:08.52748 [utar_ctl_sup]  utar_ctl_sup::body() started
2017/11/16-08:31:08.52751 [utar_ctl_sup]  utar_ctl_sup::process_start_progress_avtar
2017/11/16-08:31:08.52864 [utar_ctl_sup]  utar_ctl_sup::parse_snapup_message workorder: -------------
<snapup pid="Unix Progress" time="1510821045" did="on-demand" ack="false" type="work" msgver="5" pidnum="1001" work="backup" ticket="&lt;session-ticket  ticket-ordinal=&quot;9&quot; id=&quot;9151082102518209&quot; dpn-id=&quot;1502998702&quot; client-id=&quot;0a4fc2dcc3ff974d81f16ce9c595fa5162d0d1b5&quot; user-id=&quot;backuponly&quot; passwd=&quot;*&quot; path=&quot;/yizhou/clidev-isilon2-2-vm-griffin-6173&quot; permissions=&quot;read,backup,readdir&quot; overtime=&quot;false&quot; valid-time-start=&quot;1510813825&quot; valid-time-end=&quot;1511425825&quot; /&gt;" key="1001-progress-MOD-1510821025182" sync="bg" sessionid="613d362e5b2574d4638c45b36c454b2f5c53f109" cid="0a4fc2dcc3ff974d81f16ce9c595fa5162d0d1b5" gsansid="9151082102518209" last_ctl_man_key="1001-progress-MOD-1510821025182" mid="3844/3859/59" wid="progress-MOD-1510821025182" customaction="">
  <directives>
    <flag type="string" value="tls" name="encrypt" />
    <flag type="string" value="high" name="encrypt-strength" />
    <flag type="string" value="1516005045" name="expire" />
    <flag type="string" value="none" name="retention-type" />
    <flag type="string" value="vm-griffin-6177.asl.lab.emc.com" name="hfsaddr" />
    <flag type="string" value="27000" name="hfsport" />
    <flag type="password" value="****" name="ddr-auth-token-key" />
    <flag type="string" value="backuponly" name="id" />
    <flag type="password" value="****" name="ap" />
    <flag type="string" value="/yizhou/clidev-isilon2-2-vm-griffin-6173" name="path" />
  </directives>
  <catalog>
    <flag type="pulldown" value="default" name="[avtar]ddr-encrypt-strength" />
    <flag type="checkbox" value="true" name="ddr" />
    <flag type="pulldown" value="1" name="ddr-index" />
    <flag type="pulldown" pidnum="14003" value="4" name="max-streams" />
    <flag type="pulldown" pidnum="14003" value="try-incremental" name="mode" />
  </catalog>
  <browse-from-catalog>
    <flag type="password" pidnum="14003" value="****" name="filerbrowsepswd" />
    <flag type="string" pidnum="14003" value="root" name="filerbrowseuser" />
  </browse-from-catalog>
  <free-form />
  <agent_directives>
    <flag type="string" pidnum="1001" value="true" name="fakeprogress" />
    <flag type="string" value="Isilon Filer" name="pidname" />
    <flag type="string" value="14003" name="pidnum" />
    <flag type="string" value="MOD-1510821025182" name="widimage" />
    <flag type="string" value="9151082102518209" name="sessionid" />
  </agent_directives>
  <targetlist>
    <path backup="true" name="/ifs/100MB_br/">
      <dir name="100MB_br" size="915" selectable="true" fstype="container" />
    </path>
  </targetlist>
</snapup>

-------------
2017/11/16-08:31:08.52866 [utar_ctl_sup]  utar_ctl_sup::parse_snapup_message processing workorder
2017/11/16-08:31:08.52878 [utar_ctl_sup]  workorder::parsexmlflags 'workorder directives'
2017/11/16-08:31:08.52960 [utar_ctl_sup]  workorder::parsexmlflags 'workorder catalog'
2017/11/16-08:31:08.52967 [utar_ctl_sup]  workorder::parsexmlflags 'workorder free-form'
2017/11/16-08:31:08.52967 [utar_ctl_sup]  workorder::parsexmlflags 'workorder agent directives'
2017/11/16-08:31:08.52978 [utar_ctl_sup]  utar_ctl_sup::parse_snapup_message processing workorder done
2017-11-16 00:31:08 avtar Info <5900>: Workorder received:
<snapup pid="Unix Progress" time="1510821045" did="on-demand" ack="false" type="work" msgver="5" pidnum="1001" work="backup" ticket="&lt;session-ticket  ticket-ordinal=&quot;9&quot; id=&quot;9151082102518209&quot; dpn-id=&quot;1502998702&quot; client-id=&quot;0a4fc2dcc3ff974d81f16ce9c595fa5162d0d1b5&quot; user-id=&quot;backuponly&quot; passwd=&quot;*&quot; path=&quot;/yizhou/clidev-isilon2-2-vm-griffin-6173&quot; permissions=&quot;read,backup,readdir&quot; overtime=&quot;false&quot; valid-time-start=&quot;1510813825&quot; valid-time-end=&quot;1511425825&quot; /&gt;" key="1001-progress-MOD-1510821025182" sync="bg" sessionid="613d362e5b2574d4638c45b36c454b2f5c53f109" cid="0a4fc2dcc3ff974d81f16ce9c595fa5162d0d1b5" gsansid="9151082102518209" last_ctl_man_key="1001-progress-MOD-1510821025182" mid="3844/3859/59" wid="progress-MOD-1510821025182" customaction="">
  <directives>
    <flag type="string" value="tls" name="encrypt" />
    <flag type="string" value="high" name="encrypt-strength" />
    <flag type="string" value="1516005045" name="expire" />
    <flag type="string" value="none" name="retention-type" />
    <flag type="string" value="vm-griffin-6177.asl.lab.emc.com" name="hfsaddr" />
    <flag type="string" value="27000" name="hfsport" />
    <flag type="password" value="****" name="ddr-auth-token-key" />
    <flag type="string" value="backuponly" name="id" />
    <flag type="password" value="****" name="ap" />
    <flag type="string" value="/yizhou/clidev-isilon2-2-vm-griffin-6173" name="path" />
  </directives>
  <catalog>
    <flag type="pulldown" value="default" name="[avtar]ddr-encrypt-strength" />
    <flag type="checkbox" value="true" name="ddr" />
    <flag type="pulldown" value="1" name="ddr-index" />
    <flag type="pulldown" pidnum="14003" value="4" name="max-streams" />
    <flag type="pulldown" pidnum="14003" value="try-incremental" name="mode" />
  </catalog>
  <browse-from-catalog>
    <flag type="password" pidnum="14003" value="****" name="filerbrowsepswd" />
    <flag type="string" pidnum="14003" value="root" name="filerbrowseuser" />
  </browse-from-catalog>
  <free-form />
  <agent_directives>
    <flag type="string" pidnum="1001" value="true" name="fakeprogress" />
    <flag type="string" value="Isilon Filer" name="pidname" />
    <flag type="string" value="14003" name="pidnum" />
    <flag type="string" value="MOD-1510821025182" name="widimage" />
    <flag type="string" value="9151082102518209" name="sessionid" />
  </agent_directives>
  <targetlist>
    <path backup="true" name="/ifs/100MB_br/">
      <dir name="100MB_br" size="915" selectable="true" fstype="container" />
    </path>
  </targetlist>
</snapup>

2017/11/16-08:31:08.53084 [utar_ctl_sup]  utar_ctl_sup::parse_snapup_message ok
2017/11/16-08:31:08.53161 [utar_ctl_sup]  utar_ctl_sup::signal_main(1)1
2017/11/16-08:31:08.53163 [utar_ctl_sup]  ctl_manbase::process_message() done
2017/11/16-08:31:08.53167 [utar_ctl_sup]  utar_ctl_sup::process_workorder_status
2017/11/16-08:31:08.53168 [utar_ctl_sup]  ctl_manbase::process_message() done
2017/11/16-08:31:08.53169 [avtar]  client.run_in_ctl_mode after start, before wait
2017/11/16-08:31:08.53170 [avtar]  utar_ctl_sup::should_i_do_anything back from wait (1)
2017/11/16-08:31:08.53170 [avtar]  client.run_in_ctl_mode after wait xcontinue:1
2017/11/16-08:31:08.53171 [avtar]  Looking for flag file "/usr/local/avamar/var/clidev-isilon2-2-vm-griffin-6173/avtar.cmd"
2017-11-16 00:31:08 avtar Info <5174>: - Reading /usr/local/avamar/var/clidev-isilon2-2-vm-griffin-6173/avtar.cmd
2017/11/16-08:31:08.53180 [avtar]  uflags::parsefile  Printing flags from /usr/local/avamar/var/clidev-isilon2-2-vm-griffin-6173/avtar.cmd:
.cmd flag [1]: --debug=true
.cmd flag [2]: --x02=6144

2017-11-16 00:31:08 avtar Info <41294>: - When using the filename cache for a DDR backend, the paging cache is enabled by default and can't be disabled.
2017-11-16 00:31:08 avtar Info <6640>: Running in progress mode
2017/11/16-08:31:08.53185 [avtar]  client::RunEx: fakeprogress 1, create 1
2017/11/16-08:31:08.53186 [avtar]  client::RunEx progress avtar allowing conflicting flags cnt=2
2017-11-16 00:31:08 avtar Info <5697>: - Suppressing external name service queries for uids and gids
2017/11/16-08:31:08.53188 [avtar]  client flags.clientid:0a4fc2dcc3ff974d81f16ce9c595fa5162d0d1b5, clientid:0a4fc2dcc3ff974d81f16ce9c595fa5162d0d1b5
2017/11/16-08:31:08.53189 [avtar]  client::RunEx: flags.sessionid:9151082102518209 clientid:0a4fc2dcc3ff974d81f16ce9c595fa5162d0d1b5
2017/11/16-08:31:08.53190 [avtar]  Debug: xflag[2] = 6144 (0x1800)
2017/11/16-08:31:08.53192 [avtar]  nbackmain::initBackup()- sizeof(DIRELEM)=160 (200), sizeof(cycle)=144, sizeof(nbackfile)=480
2017/11/16-08:31:08.53194 [avtar]  include::inspect_args: pushing arg '/ifs/100MB_br'
2017-11-16 00:31:08 avtar Info <5946>: File system character encoding is UTF-8.
2017-11-16 00:31:08 avtar Info <8940>: Starting back up at 2017-11-16 00:31:08 PST as "root" on "vm-griffin-6173" (1 CPUs) [7.5.100-183]
2017/11/16-08:31:08.53204 [avtar]  nbackmain: warn_on_missing_target flag set to: false
2017/11/16-08:31:08.53207 [avtar]  Disabling ADE Chunker because this is a FILE SYSTEM DDR backup using ddr-filesystem
2017/11/16-08:31:08.53208 [avtar]  snaptype:0, permissions=1, ignoreacls=0, ignorerwxmappng=0
2017-11-16 00:31:08 avtar Info <5731>: Not using include/exclude list
2017/11/16-08:31:08.53210 [avtar]  nbackmain::nbackmain root is '/ifs/100MB_br'
2017/11/16-08:31:08.53210 [avtar]  nbackmain root_path:'/ifs/100MB_br' size:2
2017/11/16-08:31:08.53212 [avtar]  lstat returns error for /ifs/100MB_br
2017/11/16-08:31:08.53214 [avtar]  nbackmain host = vm-griffin-6173, root = /ifs/100MB_br, numdirs = 0, numfiles = 0, numbytes = 0
2017/11/16-08:31:08.53214 [avtar]  nbackmain   Account Version: 2
2017-11-16 00:31:08 avtar Info <17856>: EngageADE disabling ADEChunker, create:1 streamformat_out:0 extract:0 pluginid:1001-Unix Progress replicate:0
2017/11/16-08:31:08.53217 [avtar]  context::engageAde setting adechunker to 0
2017-11-16 00:31:08 avtar Info <8474>: - Log file path: /usr/local/avamar/var/clidev-isilon2-2-vm-griffin-6173/progress-MOD-1510821025182-1001-Unix_Progress.log
2017/11/16-08:31:08.53223 [avtar]  SessionProfile::SessionProfile - profileStatusRate[dpn1] = -1
2017/11/16-08:31:08.53224 [avtar]  SessionProfile -- server update=30, status rate[0]=900, baseMB=105
2017/11/16-08:31:08.53224 [avtar]  SessionProfile -- server update=30, status rate[i]=off, baseMB=105
2017-11-16 00:31:08 avtar Info <6555>: Initializing connection
2017/11/16-08:31:08.53227 [avtar]  ADEMgr::sendFlagsToADE Calling ADE init with flags.
2017/11/16-08:31:08.53228 [avtar]  ContextADE::ContextADE() complete (time=1510821068).
2017/11/16-08:31:08.53231 [avtar]  ADEMgrX::startupADE Catalog Supported, but no --catalog-address specified
2017/11/16-08:31:08.53231 [avtar]  ADEMgr::startupADE Starting ADE.
2017/11/16-08:31:08.53232 [avtar]  ContextADE::initGComMgr(dpn0)
2017/11/16-08:31:08.53236 [avtar]  sock::libinit(enc="tls", encrypt_strength="high", verify=0) socktype="sock_ssl"
2017/11/16-08:31:08.53237 [avtar]  sockimpl::libinit(usessl=1, verify=0, encrypt_strength="high", pemdir="/usr/local/avamar/etc/clidev-isilon2-2-vm-griffin-6173")
2017/11/16-08:31:08.53238 [avtar]  sslcontext::libinit
2017/11/16-08:31:08.53238 [avtar]  sslcontext::libinit exiting since global_sslctx=0x7feb812c7f98
2017-11-16 00:31:08 avtar Info <5552>: Connecting to Avamar Server (vm-griffin-6177.asl.lab.emc.com)
2017-11-16 00:31:08 avtar Info <5554>: Connecting to one node in each datacenter
2017/11/16-08:31:08.53242 [avtar]  dpnconnect::create((none), 0, -1)
2017/11/16-08:31:08.53243 [avtar]  dpnconnect::create hfsaddr=vm-griffin-6177.asl.lab.emc.com
2017/11/16-08:31:08.53243 [avtar]  tabfilename = /usr/local/avamar/var/clidev-isilon2-2-vm-griffin-6173/vm-griffin-6177.asl.lab.emc.com-27000.dtb
2017/11/16-08:31:08.53245 [avtar]  sysfile::open open64 failed: code 2: No such file or directory
2017/11/16-08:31:08.53246 [avtar]  filedisk::doopen, fdesc == -1 after open attempt
2017/11/16-08:31:08.53266 [avtar]  tcpsock::createclient ipaddr:10.25.106.177:29000
2017-11-16 00:31:08 avtar Info <6578>: - - Requesting address from 10.25.106.177:29000
2017/11/16-08:31:08.53277 [avtar]  sockimpl::initclient connect timeout = 0 ipaddr:10.25.106.177:29000 netbind:, modified_netbind:
2017/11/16-08:31:08.53293 [avtar]  sslsockimpl::open  initclient success
2017/11/16-08:31:08.53296 [avtar]  certlock::certlock system_unix lockdir=/tmp/.tmp_avamar/._usr_local_avamar_etc_clidev-isilon2-2-vm-griffin-6173
2017/11/16-08:31:08.53298 [avtar]  certlock::create_certlock_dir unable to chmod old .tmp directory '/usr/local/avamar/etc/clidev-isilon2-2-vm-griffin-6173/.tmp' to 0775
2017/11/16-08:31:08.53303 [avtar]  certlock::~certlock() success to remove SSL cert lock '/tmp/.tmp_avamar/._usr_local_avamar_etc_clidev-isilon2-2-vm-griffin-6173'
2017/11/16-08:31:08.55760 [avtar]  sslsockimpl::open  initclient success, cipher: AES256-SHA
2017/11/16-08:31:08.55854 [avtar]  dpnconnect::getserveraddr trying 10.25.106.177:29000
2017/11/16-08:31:08.55856 [avtar]  dpnconnect::getserveraddr keyaddr=10.25.106.177:29000
2017/11/16-08:31:08.55895 [avtar]  dpnconnect::getserveraddr received newaddr=10.25.106.177:29000 srcaddr=10.25.106.177:29000
2017-11-16 00:31:08 avtar Info <6526>: - - Connect: Using 10.25.106.177:29000
2017-11-16 00:31:08 avtar Info <5993>: - Connect: Connected to 10.25.106.177:29000, Priv=0, SSL Cipher=AES256-SHA
2017/11/16-08:31:08.56033 [avtar]  dpnconnect::getdpninfo: servtime=1510821050.5000 clienttime=1510821068.5603 catserver=0 compressed=1 dpmmaxmessage=478
2017/11/16-08:31:08.56036 [avtar]  dpnconnect::getdpninfo serverversion=7.5.0-183 hfscreatetime=1502998702 maxmessagedatasize=65412 maxatomchunksize=65382 maxcompchunksize=32691
2017-11-16 00:31:08 avtar Info <5564>: - - Requesting dispatcher table and create time
2017-11-16 00:31:08 avtar Info <5566>: - - Table: 8 nodebits, 10 bytes, create time: 1502998702
2017/11/16-08:31:08.56093 [avtar]  checkrightdpn: olddc=0 newdc=1 numnodes=1 oldcreatetime=1502998702 newcreatetime=1502998702
2017-11-16 00:31:08 avtar Info <5724>: - - Not writing dispatcher table for single node server
2017/11/16-08:31:08.56097 [avtar]  should_request_connections: Not using connection load balancing
2017/11/16-08:31:08.56104 [avtar]  dpnconnect::create((none), 0, 0)
2017-11-16 00:31:08 avtar Info <5562>: - - Datacenter 0: Trying 10.25.106.177:29000
2017/11/16-08:31:08.56108 [avtar]  tcpsock::createclient ipaddr:10.25.106.177:29000
2017/11/16-08:31:08.56124 [avtar]  sockimpl::initclient connect timeout = 0 ipaddr:10.25.106.177:29000 netbind:, modified_netbind:
2017/11/16-08:31:08.56158 [avtar]  sslsockimpl::open  initclient success
2017/11/16-08:31:08.56161 [avtar]  certlock::certlock system_unix lockdir=/tmp/.tmp_avamar/._usr_local_avamar_etc_clidev-isilon2-2-vm-griffin-6173
2017/11/16-08:31:08.56162 [avtar]  certlock::create_certlock_dir unable to chmod old .tmp directory '/usr/local/avamar/etc/clidev-isilon2-2-vm-griffin-6173/.tmp' to 0775
2017/11/16-08:31:08.56168 [avtar]  certlock::~certlock() success to remove SSL cert lock '/tmp/.tmp_avamar/._usr_local_avamar_etc_clidev-isilon2-2-vm-griffin-6173'
2017/11/16-08:31:08.58537 [avtar]  sslsockimpl::open  initclient success, cipher: AES256-SHA
2017-11-16 00:31:08 avtar Info <5993>: - Datacenter 0 has 1 nodes: Connected to 10.25.106.177:29000, Priv=0, SSL Cipher=AES256-SHA
2017/11/16-08:31:08.58758 [avtar]  dpnconnect::getdpninfo: servtime=1510821050.5300 clienttime=1510821068.5875 catserver=0 compressed=1 dpmmaxmessage=478
2017/11/16-08:31:08.58760 [avtar]  dpnconnect::getdpninfo serverversion=7.5.0-183 hfscreatetime=1502998702 maxmessagedatasize=65412 maxatomchunksize=65382 maxcompchunksize=32691
2017-11-16 00:31:08 avtar Info <5564>: - - Requesting dispatcher table and create time
2017-11-16 00:31:08 avtar Info <5566>: - - Table: 8 nodebits, 10 bytes, create time: 1502998702
2017/11/16-08:31:08.58798 [avtar]  checkrightdpn: olddc=1 newdc=1 numnodes=1 oldcreatetime=1502998702 newcreatetime=1502998702
2017-11-16 00:31:08 avtar Info <5724>: - - Not writing dispatcher table for single node server
2017/11/16-08:31:08.58802 [avtar]  servercontext::connect() - dpninfo string: <?xml version="1.0" encoding="UTF-8" standalone="yes"?>
<dpninfo serverversion="7.5.0-183" fullserverversion="7.5.0-183" servertime="1510821050.53" iscatserver="false" compressed="true" maxmessage="478" hfsport="27000" sslport="29000" verifypeer="no" fipsenable="true" ssldebug="false" ssloptions="SSL_OP_MICROSOFT_SESS_ID_BUG,SSL_OP_NETSCAPE_CHALLENGE_BUG,SSL_OP_LEGACY_SERVER_CONNECT,SSL_OP_NETSCAPE_REUSE_CIPHER_CHANGE_BUG,SSL_OP_MICROSOFT_BIG_SSLV3_BUFFER,SSL_OP_SSLEAY_080_CLIENT_DH_BUG,SSL_OP_TLS_D5_BUG,SSL_OP_TLS_BLOCK_PADDING_BUG,SSL_OP_DONT_INSERT_EMPTY_FRAGMENTS,SSL_OP_SINGLE_DH_USE,SSL_OP_NO_SSLv2,SSL_OP_NO_SSLv3,SSL_OP_NO_TLSv1,SSL_OP_NO_TLSv1_1" sslciphers="legacy" systemcreatetime="1502998702" maxmessagedatasize="65412" maxatomchunksize="65382" maxcompchunksize="32691" ipv6enabled="true">
  <activityaccessmodes adminuser="mhpu+0hpu+0hpu" checkpoint="mhpu+0hpu+0hpu" conversion="mhpu+0hpu+0hpu" diskbeat="mhpu+0hpu+0hpu" garbagecollect="mhpu+0hpu+0hpu" heartbeat="mhpu+0hpu+0hpu" hfscheckserver="mhpu+0hpu+0hpu" hfscheckexecute="mhpu+0hpu+0hpu" nodebeat="mhpu+0hpu+0hpu" runlevel="mhpu+0hpu+0hpu" testintegrity="mhpu+0hpu+0hpu" removehashes="mhpu+0hpu+0hpu" rebuildstripe="mhpu+0hpu+0hpu" diskfull="mhpu+0hpu+0hpu" hashrefcheck="mhpu+0hpu+0hpu"/>
</dpninfo>
2017/11/16-08:31:08.58808 [avtar]  dpnconnect::checkserveractivities: Activityaccessmode simage - <activityaccessmodes garbagecollect="mhpu+0hpu+0hpu" checkpoint="mhpu+0hpu+0hpu" hashrefcheck="mhpu+0hpu+0hpu" hfscheckserver="mhpu+0hpu+0hpu" adminuser="mhpu+0hpu+0hpu" heartbeat="mhpu+0hpu+0hpu" conversion="mhpu+0hpu+0hpu" diskfull="mhpu+0hpu+0hpu" diskbeat="mhpu+0hpu+0hpu" hfscheckexecute="mhpu+0hpu+0hpu" removehashes="mhpu+0hpu+0hpu" runlevel="mhpu+0hpu+0hpu" nodebeat="mhpu+0hpu+0hpu" testintegrity="mhpu+0hpu+0hpu" rebuildstripe="mhpu+0hpu+0hpu" />

2017/11/16-08:31:08.58810 [avtar]  dpnconnect::checkserveractivities: Set ActivityAccessModes: adminuser=mhpu+0hpu+0hpu.
2017/11/16-08:31:08.58812 [avtar]  dpnconnect::checkserveractivities: Set ActivityAccessModes: checkpoint=mhpu+0hpu+0hpu.
2017/11/16-08:31:08.58814 [avtar]  dpnconnect::checkserveractivities: Set ActivityAccessModes: conversion=mhpu+0hpu+0hpu.
2017/11/16-08:31:08.58821 [avtar]  dpnconnect::checkserveractivities: Set ActivityAccessModes: diskbeat=mhpu+0hpu+0hpu.
2017/11/16-08:31:08.58823 [avtar]  dpnconnect::checkserveractivities: Set ActivityAccessModes: garbagecollect=mhpu+0hpu+0hpu.
2017/11/16-08:31:08.58825 [avtar]  dpnconnect::checkserveractivities: Set ActivityAccessModes: heartbeat=mhpu+0hpu+0hpu.
2017/11/16-08:31:08.58827 [avtar]  dpnconnect::checkserveractivities: Set ActivityAccessModes: hfscheckserver=mhpu+0hpu+0hpu.
2017/11/16-08:31:08.58829 [avtar]  dpnconnect::checkserveractivities: Set ActivityAccessModes: hfscheckexecute=mhpu+0hpu+0hpu.
2017/11/16-08:31:08.58831 [avtar]  dpnconnect::checkserveractivities: Set ActivityAccessModes: nodebeat=mhpu+0hpu+0hpu.
2017/11/16-08:31:08.58833 [avtar]  dpnconnect::checkserveractivities: Set ActivityAccessModes: runlevel=mhpu+0hpu+0hpu.
2017/11/16-08:31:08.58837 [avtar]  dpnconnect::checkserveractivities: Set ActivityAccessModes: testintegrity=mhpu+0hpu+0hpu.
2017/11/16-08:31:08.58839 [avtar]  dpnconnect::checkserveractivities: Set ActivityAccessModes: removehashes=mhpu+0hpu+0hpu.
2017/11/16-08:31:08.58841 [avtar]  dpnconnect::checkserveractivities: Set ActivityAccessModes: rebuildstripe=mhpu+0hpu+0hpu.
2017/11/16-08:31:08.58844 [avtar]  dpnconnect::checkserveractivities: Set ActivityAccessModes: diskfull=mhpu+0hpu+0hpu.
2017/11/16-08:31:08.58846 [avtar]  dpnconnect::checkserveractivities: Set ActivityAccessModes: hashrefcheck=mhpu+0hpu+0hpu.
2017/11/16-08:31:08.58847 [avtar]  servercontext: dpn=0, ms.size=1, cs.hfscreatetime=1502998702
2017/11/16-08:31:08.58848 [avtar]  servercontext: dpn=0, compression=1, maxatomchunksize=65382, maxcompchunksize=32691
2017/11/16-08:31:08.58848 [avtar]  GComMgr::init: maxpending=40, maxmaxpending=120, min_maxpending=10, parallelstreams=1
2017/11/16-08:31:08.58850 [avtar]  receivers::connect starting new receive thread owner=0x7feb812e8330 connref=targetaddr=10.25.106.177:29000 targetnodeid=(none) connid=nodeid=(none) id=0 available=1 tcp servaddr=10.25.106.177:29000 fd=8 bufsize=60000 isclosed=0
2017/11/16-08:31:08.58921 [ms[0]recv]  Startup, pid=5815 tid=36 stack=0x7feb7eb10ccf td=0x7feb812ef900
2017/11/16-08:31:08.58923 [ms[0]recv]  msgrecv::body start
2017/11/16-08:31:08.58927 [send]  Startup, pid=5816 tid=37 stack=0x7feb7e30fccf td=0x7feb812efac0
2017/11/16-08:31:08.58930 [send]  hashsend::body++
2017/11/16-08:31:08.58938 [ade-async]  Startup, pid=5817 tid=38 stack=0x7feb7db0eccf td=0x7feb7eb228e0
2017/11/16-08:31:08.58943 [retry]  Startup, pid=5818 tid=39 stack=0x7feb7d30dccf td=0x7feb7eb22aa0
2017/11/16-08:31:08.58945 [avtar]  startGComMgr: Disabling GComMgr throttling
2017/11/16-08:31:08.58946 [avtar]  ContextADE::loginToServer(dpn=0)
2017/11/16-08:31:08.58946 [avtar]  GComMgr::loginToServer(dpn=0)
2017/11/16-08:31:08.58947 [avtar]  Parsing account parameters
2017/11/16-08:31:08.58952 [avtar]  session ticket from plugin interface ticket:<session-ticket  ticket-ordinal="9" id="9151082102518209" dpn-id="1502998702" client-id="0a4fc2dcc3ff974d81f16ce9c595fa5162d0d1b5" user-id="backuponly" passwd="*" path="/yizhou/clidev-isilon2-2-vm-griffin-6173" permissions="read,backup,readdir" overtime="false" valid-time-start="1510813825" valid-time-end="1511425825" /> hash:613d362e5b2574d4638c45b36c454b2f5c53f109
2017/11/16-08:31:08.58956 [avtar]  client_config_flags::read_ticket id overwritten by flags
2017/11/16-08:31:08.58957 [avtar]  client_config_flags::read_ticket sessionidxxx:9151082102518209
2017-11-16 00:31:08 avtar Info <5581>: Logging in on connection 0 with Session Ticket
2017-11-16 00:31:08 avtar Info <5582>: Avamar Server login successful
2017-11-16 00:31:08 avtar Info <5018>: - Session ID: 9151082102518209
2017/11/16-08:31:08.59073 [avtar]  servercontext::getdcindexmap getting index datacenter map for alldc
2017/11/16-08:31:08.59109 [avtar]  servercontext::getdcindexmap got index datacenter map dcbits=1 tablesize=2 matchbits=1 matchlen=2
2017/11/16-08:31:08.59111 [avtar]  GComMgr::get_cid_from_accountpath
2017/11/16-08:31:08.59199 [avtar]  CID='0a4fc2dcc3ff974d81f16ce9c595fa5162d0d1b5' using block 'start: 048520e900a4dce3b46aa572bf6ae2a20dc18c5a  path: /yizhou/clidev-isilon2-2-vm-griffin-6173  curlevel: 0' result = 1
2017-11-16 00:31:08 avtar Info <10632>: Using Client-ID='0a4fc2dcc3ff974d81f16ce9c595fa5162d0d1b5'
2017/11/16-08:31:08.59202 [avtar]  GComMgr::get_cid_from_accountpath returns 0a4fc2dcc3ff974d81f16ce9c595fa5162d0d1b5
2017/11/16-08:31:08.59203 [avtar]  ADEMgr::startupADE() -- ADE is up, connected, and logged into server
2017/11/16-08:31:08.59206 [avtar]  New adeMgr=0x7feb812e9930
2017/11/16-08:31:08.59211 [hsrv0]  Startup, pid=5819 tid=40 stack=0x7feb7cb0cccf td=0x7feb7eb23038
2017/11/16-08:31:08.59214 [avtar]  sizeof(univbool)=1, sizeof(char)=1, sizeof(int)=4, sizeof(long)=8, sizeof(long long)=8, sizeof(double)=8, sizeof(void*)=8, sizeof(size_t)=8, byteorder=ABCD
2017/11/16-08:31:08.59214 [avtar]  sizeof(context)=33824, sizeof(msg)=152, sizeof(DIRELEM)=160, sizeof(mtex)=40, sizeof(safeint)=4, sizeof(countptr)=16
2017/11/16-08:31:08.59216 [avtar]  sizeof(univbool)=1, sizeof(univint16)=2, sizeof(univuns16)=2, sizeof(univuns24)=3, sizeof(univint)=4, sizeof(univuns)=4
2017/11/16-08:31:08.59216 [avtar]  sizeof(univuns40)=5, sizeof(univuns48)=6, sizeof(univuns56)=7, sizeof(univint64)=8, sizeof(univdbl)=8
2017/11/16-08:31:08.59217 [avtar]  sizeof(cycle)=144, sizeof(backchunk)=192, sizeof(nbackdir)=464, sizeof(nbackfile)=480, sizeof(backstate)=1048, sizeof(workelem)=248, sizeof(backstats)=9136
2017/11/16-08:31:08.59217 [avtar]  nbackmain::send_secondary_session_ticket fakeprogress=1
2017/11/16-08:31:08.59227 [avtar]  nbackmain::send_secondary_session_ticket doing ctl enqueque 3
2017/11/16-08:31:08.59227 [avtar]  hfs_info.clientid 0a4fc2dcc3ff974d81f16ce9c595fa5162d0d1b5
2017-11-16 00:31:08 avtar Info <5550>: Successfully logged into Avamar Server [7.5.0-183] (Compression enabled)
2017-11-16 00:31:08 avtar Info <7563>: Back up of "/ifs/100MB_br" on server "vm-griffin-6177.asl.lab.emc.com" for /yizhou/clidev-isilon2-2-vm-griffin-6173
2017/11/16-08:31:08.59233 [avtar]  nbackmain::runBackup: Original root string for session message is "/ifs/100MB_br"
2017/11/16-08:31:08.59255 [avtar]  Linux version: 2.6.32-0.  Per-process CPU time=1
2017/11/16-08:31:08.59257 [avtar]  context::loop: Nothing pending on server, only internal work (pending all=1, ext=0, int=0)
2017/11/16-08:31:08.59402 [ctl_conn_send-]  ctl_connection::lowsend:
send:<secondary_session_ticket pid="Unix Progress" pidnum="1001" key="1001-progress-MOD-1510821025182" cid="0a4fc2dcc3ff974d81f16ce9c595fa5162d0d1b5" mid="5802/5802/33" last_ctl_man_key="1001-progress-MOD-1510821025182" wid="progress-MOD-1510821025182" />

2017-11-16 00:31:08 avtar Info <5771>: Client side cache files are turned off
2017/11/16-08:31:08.59422 [avtar]  setting label from  to progress-MOD-1510821025182
2017/11/16-08:31:08.59423 [avtar]  Chunker settings: compress=1, clevel=1, cpercent=75, threshold=44000, minchunksize=2000
2017/11/16-08:31:08.59424 [avtar]  nbackmain stats_data_only
2017/11/16-08:31:08.59440 [avtar]  nbackmain::stats_data_only kind:BEGIN mess:
<sessionprogress keepalive="false" estimatedbytes="0" time="1510821068" paused="0" filename="..._2F100MB_5Fbr/dir-00/dir-00-01/datagen-seed-0012344000-cr-000-os-0000309333172-len-0000005330391.bin" server_name="vm-griffin-6177.asl.lab.emc.com" files="26" modfilebytes="10063" cputime="0" modfiles="26" bytes="183230976" timestamp="2017-11-16 08:31:08" mid="5733/5752/33" elapsed="3" vmsize="0">
  <dataprocessed percentnew="0.0000" percentinhcache="0.0000" percentinfcache="29.8040" percentispresent="0.0000" percentreduced="70.1890" kbytes="14" />
  <datasent percentdir="0.00" percentatomic="0.00" percentctrl="0.00" percentcomposite="0.00" kbytes="0" />
  <build msgversion="13-10" time="11:47:51" appname="avtar" zlibversion="1.2.3" lzoversion="1.08 Jul 12 2002" date="Jun 12 2017" appversion="7.5.100-183" processortype="x86_64" osversion="SLES-64" sslversion="TLSv1   OpenSSL 1.0.2a-fips 19 Mar 2015" osname="Linux" />
  <session numthreads="1" type="avtarbackup" ndispatchers="1" expires="1516005045" domain="" workorderid="MOD-1510821025182" pidnum="1001" numconns="1" path="/yizhou/clidev-isilon2-2-vm-griffin-6173" starttime="1510821068" encrypt="tls" dispatcher0="10.25.106.177:29000" sessionid="9151082102518209" root="/ifs/100MB_br" pluginid="Unix Progress" encrypt-strength="high" clientid="0a4fc2dcc3ff974d81f16ce9c595fa5162d0d1b5" user="">
    <host numprocs="1" speed="200" osuser="root" name="vm-griffin-6173" memory="934" />
    <build msgversion="13-10" time="11:47:51" appname="avtar" zlibversion="1.2.3" lzoversion="1.08 Jul 12 2002" date="Jun 12 2017" appversion="7.5.100-183" processortype="x86_64" osversion="SLES-64" sslversion="TLSv1   OpenSSL 1.0.2a-fips 19 Mar 2015" osname="Linux" />
    <dirstats numbytes="0" numfiles="0" numdirs="0" />
  </session>
</sessionprogress>

2017/11/16-08:31:08.59446 [avtar]  SessionProfile::sendstats kind: BEGIN  mess1:
<sessionprogress keepalive="false" estimatedbytes="0" time="1510821068" paused="0" filename="..._2F100MB_5Fbr/dir-00/dir-00-01/datagen-seed-0012344000-cr-000-os-0000309333172-len-0000005330391.bin" server_name="vm-griffin-6177.asl.lab.emc.com" files="26" modfilebytes="10063" cputime="0" modfiles="26" bytes="183230976" timestamp="2017-11-16 08:31:08" mid="5733/5752/33" elapsed="3" vmsize="0">
  <dataprocessed percentnew="0.0000" percentinhcache="0.0000" percentinfcache="29.8040" percentispresent="0.0000" percentreduced="70.1890" kbytes="14" />
  <datasent percentdir="0.00" percentatomic="0.00" percentctrl="0.00" percentcomposite="0.00" kbytes="0" />
  <build msgversion="13-10" time="11:47:51" appname="avtar" zlibversion="1.2.3" lzoversion="1.08 Jul 12 2002" date="Jun 12 2017" appversion="7.5.100-183" processortype="x86_64" osversion="SLES-64" sslversion="TLSv1   OpenSSL 1.0.2a-fips 19 Mar 2015" osname="Linux" />
  <session numthreads="1" type="avtarbackup" ndispatchers="1" expires="1516005045" domain="" workorderid="MOD-1510821025182" pidnum="1001" numconns="1" path="/yizhou/clidev-isilon2-2-vm-griffin-6173" starttime="1510821068" encrypt="tls" dispatcher0="10.25.106.177:29000" sessionid="9151082102518209" root="/ifs/100MB_br" pluginid="Unix Progress" encrypt-strength="high" clientid="0a4fc2dcc3ff974d81f16ce9c595fa5162d0d1b5" user="">
    <host numprocs="1" speed="200" osuser="root" name="vm-griffin-6173" memory="934" />
    <build msgversion="13-10" time="11:47:51" appname="avtar" zlibversion="1.2.3" lzoversion="1.08 Jul 12 2002" date="Jun 12 2017" appversion="7.5.100-183" processortype="x86_64" osversion="SLES-64" sslversion="TLSv1   OpenSSL 1.0.2a-fips 19 Mar 2015" osname="Linux" />
    <dirstats numbytes="0" numfiles="0" numdirs="0" />
  </session>
</sessionprogress>

2017/11/16-08:31:08.59464 [avtar]  SERVLOG: dpninx=0 ack=0 <BEGIN pid="Isilon Filer" pidnum="14003" report="true" sessionid="9151082102518209" cid="0a4fc2dcc3ff974d81f16ce9c595fa5162d0d1b5" wid="MOD-1510821025182">   <sessionprogress keepalive="false" estimatedbytes="0" time="1510821068" paused="0" filename="..._2F100MB_5Fbr/dir-00/dir-00-01/datagen-seed-0012344000-cr-000-os-0000309333172-len-0000005330391.bin" server_name="vm-griffin-6177.asl.lab.emc.com" files="26" modfilebytes="10063" cputime="0" modfiles="26" bytes="183230976" timestamp="2017-11-16 08:31:08" mid="5733/5752/33" elapsed="3" vmsize="0">     <dataprocessed percentnew="0.0000" percentinhcache="0.0000" percentinfcache="29.8040" percentispresent="0.0000" percentreduced="70.1890" kbytes="14" />     <datasent percentdir="0.00" percentatomic="0.00" percentctrl="0.00" percentcomposite="0.00" kbytes="0" />     <build msgversion="13-10" time="11:47:51" appname="avtar" zlibversion="1.2.3" lzoversion="1.08 Jul 12 2002" date="Jun 12 2017" appversion="7.5.100-183" processortype="x86_64" osversion="SLES-64" sslversion="TLSv1   OpenSSL 1.0.2a-fips 19 Mar 2015" osname="Linux" />     <session numthreads="1" type="avtarbackup" ndispatchers="1" expires="1516005045" domain="" workorderid="MOD-1510821025182" pidnum="1001" numconns="1" path="/yizhou/clidev-isilon2-2-vm-griffin-6173" starttime="1510821068" encrypt="tls" dispatcher0="10.25.106.177:29000" sessionid="9151082102518209" root="/ifs/100MB_br" pluginid="Unix Progress" encrypt-strength="high" clientid="0a4fc2dcc3ff974d81f16ce9c595fa5162d0d1b5" user="">       <host numprocs="1" speed="200" osuser="root" name="vm-griffin-6173" memory="934" />       <build msgversion="13-10" time="11:47:51" appname="avtar" zlibversion="1.2.3" lzoversion="1.08 Jul 12 2002" date="Jun 12 2017" appversion="7.5.100-183" processortype="x86_64" osversion="SLES-64" sslversion="TLSv1   OpenSSL 1.0.2a-fips 19 Mar 2015" osname="Linux" />       <dirstats numbytes="0" numfiles="0" numdirs="0" />     </session>   </sessionprogress> </BEGIN> 
---------------------------------
2017/11/16-08:31:38.38786 [ctl_conn_recv-]  ctl_connection::lowdata:
recv:<workorder_status pid="Isilon Filer" ack="false" startUTC="2017-11-16 08:31:04" pidnum="14003" work="" cid="0a4fc2dcc3ff974d81f16ce9c595fa5162d0d1b5" cumlative_duration="00:00:34" last_ctl_man_key="14003-MOD-1510821025182" mid="5733/5752/36" wid="MOD-1510821025182">
  <sessionprogress keepalive="false" time="1510821098" estimatedbytes="0" filename="_2Fifs_2F100MB_5Fbr/datagen-commands.log" paused="0" server_name="vm-griffin-6177.asl.lab.emc.com" files="99" modfilebytes="556008298" cputime="0" modfiles="99" bytes="556293121" timestamp="2017-11-16 08:31:38" elapsed="33" mid="5733/5752/35" vmsize="0">
    <dataprocessed percentnew="0.0496" percentinfcache="0.0016" percentinhcache="0.0000" percentispresent="99.9449" percentreduced="0.0039" kbytes="543255" />
    <datasent percentdir="0.00" percentatomic="0.00" percentctrl="0.00" percentcomposite="0.00" kbytes="0" />
  </sessionprogress>
</workorder_status>

2017/11/16-08:31:38.38793 [utar_ctl_sup]  utar_ctl_sup::process_workorder_status
2017/11/16-08:31:38.38795 [utar_ctl_sup]  ctl_manbase::process_message() done
2017/11/16-08:31:38.38799 [avtar]  nbackmain::stats_data_only kind:PROGRESS mess:
<sessionprogress keepalive="false" estimatedbytes="0" time="1510821098" paused="0" filename="_2Fifs_2F100MB_5Fbr/datagen-commands.log" server_name="vm-griffin-6177.asl.lab.emc.com" files="99" modfilebytes="556008298" cputime="0" modfiles="99" bytes="556293121" timestamp="2017-11-16 08:31:38" mid="5733/5752/35" elapsed="33" vmsize="0">
  <dataprocessed percentnew="0.0496" percentinhcache="0.0000" percentinfcache="0.0016" percentispresent="99.9449" percentreduced="0.0039" kbytes="543255" />
  <datasent percentdir="0.00" percentatomic="0.00" percentctrl="0.00" percentcomposite="0.00" kbytes="0" />
</sessionprogress>

2017/11/16-08:31:38.38802 [avtar]  SessionProfile::sendstats kind: PROGRESS  mess1:
<sessionprogress keepalive="false" estimatedbytes="0" time="1510821098" paused="0" filename="_2Fifs_2F100MB_5Fbr/datagen-commands.log" server_name="vm-griffin-6177.asl.lab.emc.com" files="99" modfilebytes="556008298" cputime="0" modfiles="99" bytes="556293121" timestamp="2017-11-16 08:31:38" mid="5733/5752/35" elapsed="33" vmsize="0">
  <dataprocessed percentnew="0.0496" percentinhcache="0.0000" percentinfcache="0.0016" percentispresent="99.9449" percentreduced="0.0039" kbytes="543255" />
  <datasent percentdir="0.00" percentatomic="0.00" percentctrl="0.00" percentcomposite="0.00" kbytes="0" />
</sessionprogress>

2017/11/16-08:31:38.38813 [avtar]  SERVLOG: dpninx=0 ack=0 <PROGRESS pid="Isilon Filer" pidnum="14003" report="true" sessionid="9151082102518209" cid="0a4fc2dcc3ff974d81f16ce9c595fa5162d0d1b5" wid="MOD-1510821025182">   <sessionprogress keepalive="false" estimatedbytes="0" time="1510821098" paused="0" filename="_2Fifs_2F100MB_5Fbr/datagen-commands.log" server_name="vm-griffin-6177.asl.lab.emc.com" files="99" modfilebytes="556008298" cputime="0" modfiles="99" bytes="556293121" timestamp="2017-11-16 08:31:38" mid="5733/5752/35" elapsed="33" vmsize="0">     <dataprocessed percentnew="0.0496" percentinhcache="0.0000" percentinfcache="0.0016" percentispresent="99.9449" percentreduced="0.0039" kbytes="543255" />     <datasent percentdir="0.00" percentatomic="0.00" percentctrl="0.00" percentcomposite="0.00" kbytes="0" />   </sessionprogress> </PROGRESS> 
---------------------------------
2017/11/16-08:31:39.59357 [ade-async]  servercontext::sendPingToAll(): dpninx=0, connections=1
2017/11/16-08:31:39.59363 [ade-async]  servercontext::sendPingToAll(): done(dpn0)
2017/11/16-08:31:39.59363 [ade-async]  GComMgr::check_all_link_health() -- sending ping every 60 seconds.
2017/11/16-08:31:39.59421 [ade-async]  async: dropping response, message HASHLIST_IS_PRESENT=406 serial=5 seq=0 flags=R:N:0 kind=0 rsp=MSG_ERR_NONE
2017/11/16-08:31:42.18508 [ctl_conn_recv-]  ctl_connection::lowdata:
recv:<workorder_status pid="Isilon Filer" ack="false" startUTC="2017-11-16 08:31:04" pidnum="14003" work="" cid="0a4fc2dcc3ff974d81f16ce9c595fa5162d0d1b5" cumlative_duration="00:00:38" last_ctl_man_key="14003-MOD-1510821025182" mid="5733/5752/38" wid="MOD-1510821025182">
  <sessionprogress keepalive="false" time="1510821102" estimatedbytes="0" filename="_2Fifs_2F100MB_5Fbr/datagen-commands.log" paused="0" server_name="vm-griffin-6177.asl.lab.emc.com" files="109" modfilebytes="556008298" cputime="0" modfiles="109" bytes="556293121" timestamp="2017-11-16 08:31:42" elapsed="37" mid="5733/5752/37" vmsize="0">
    <dataprocessed percentnew="0.0496" percentinfcache="0.0016" percentinhcache="0.0000" percentispresent="99.9449" percentreduced="0.0039" kbytes="543255" />
    <datasent percentdir="0.00" percentatomic="0.00" percentctrl="0.00" percentcomposite="0.00" kbytes="0" />
  </sessionprogress>
</workorder_status>

2017/11/16-08:31:42.18519 [utar_ctl_sup]  utar_ctl_sup::process_workorder_status
2017/11/16-08:31:42.18521 [utar_ctl_sup]  ctl_manbase::process_message() done
2017/11/16-08:31:42.18528 [avtar]  nbackmain::stats_data_only kind:PROGRESS mess:
<sessionprogress keepalive="false" estimatedbytes="0" time="1510821102" paused="0" filename="_2Fifs_2F100MB_5Fbr/datagen-commands.log" server_name="vm-griffin-6177.asl.lab.emc.com" files="109" modfilebytes="556008298" cputime="0" modfiles="109" bytes="556293121" timestamp="2017-11-16 08:31:42" mid="5733/5752/37" elapsed="37" vmsize="0">
  <dataprocessed percentnew="0.0496" percentinhcache="0.0000" percentinfcache="0.0016" percentispresent="99.9449" percentreduced="0.0039" kbytes="543255" />
  <datasent percentdir="0.00" percentatomic="0.00" percentctrl="0.00" percentcomposite="0.00" kbytes="0" />
</sessionprogress>

2017/11/16-08:31:42.18533 [avtar]  SessionProfile::sendstats kind: PROGRESS  mess1:
<sessionprogress keepalive="false" estimatedbytes="0" time="1510821102" paused="0" filename="_2Fifs_2F100MB_5Fbr/datagen-commands.log" server_name="vm-griffin-6177.asl.lab.emc.com" files="109" modfilebytes="556008298" cputime="0" modfiles="109" bytes="556293121" timestamp="2017-11-16 08:31:42" mid="5733/5752/37" elapsed="37" vmsize="0">
  <dataprocessed percentnew="0.0496" percentinhcache="0.0000" percentinfcache="0.0016" percentispresent="99.9449" percentreduced="0.0039" kbytes="543255" />
  <datasent percentdir="0.00" percentatomic="0.00" percentctrl="0.00" percentcomposite="0.00" kbytes="0" />
</sessionprogress>

2017/11/16-08:31:42.18552 [avtar]  SERVLOG: dpninx=0 ack=0 <PROGRESS pid="Isilon Filer" pidnum="14003" report="true" sessionid="9151082102518209" cid="0a4fc2dcc3ff974d81f16ce9c595fa5162d0d1b5" wid="MOD-1510821025182">   <sessionprogress keepalive="false" estimatedbytes="0" time="1510821102" paused="0" filename="_2Fifs_2F100MB_5Fbr/datagen-commands.log" server_name="vm-griffin-6177.asl.lab.emc.com" files="109" modfilebytes="556008298" cputime="0" modfiles="109" bytes="556293121" timestamp="2017-11-16 08:31:42" mid="5733/5752/37" elapsed="37" vmsize="0">     <dataprocessed percentnew="0.0496" percentinhcache="0.0000" percentinfcache="0.0016" percentispresent="99.9449" percentreduced="0.0039" kbytes="543255" />     <datasent percentdir="0.00" percentatomic="0.00" percentctrl="0.00" percentcomposite="0.00" kbytes="0" />   </sessionprogress> </PROGRESS> 
---------------------------------
2017/11/16-08:31:45.66213 [ctl_conn_recv-]  ctl_connection::lowdata:
recv:<workorder_status pid="Isilon Filer" ack="false" startUTC="2017-11-16 08:31:04" pidnum="14003" work="" cid="0a4fc2dcc3ff974d81f16ce9c595fa5162d0d1b5" cumlative_duration="00:00:41" last_ctl_man_key="14003-MOD-1510821025182" mid="5733/5752/40" wid="MOD-1510821025182">
  <sessionprogress keepalive="false" time="1510821105" estimatedbytes="0" paused="0" server_name="vm-griffin-6177.asl.lab.emc.com" files="109" modfilebytes="1111951210" cputime="0" modfiles="109" bytes="1112236033" timestamp="2017-11-16 08:31:45" elapsed="39" mid="5733/5752/39" vmsize="0">
    <dataprocessed percentnew="0.0248" percentinfcache="0.0008" percentinhcache="0.0000" percentispresent="99.9724" percentreduced="0.0020" kbytes="1086168" />
    <datasent percentdir="0.00" percentatomic="0.00" percentctrl="0.00" percentcomposite="0.00" kbytes="0" />
  </sessionprogress>
</workorder_status>

2017/11/16-08:31:45.66218 [utar_ctl_sup]  utar_ctl_sup::process_workorder_status
2017/11/16-08:31:45.66222 [utar_ctl_sup]  ctl_manbase::process_message() done
2017/11/16-08:31:45.66226 [avtar]  nbackmain::stats_data_only kind:PROGRESS mess:
<sessionprogress keepalive="false" estimatedbytes="0" time="1510821105" paused="0" server_name="vm-griffin-6177.asl.lab.emc.com" files="109" modfilebytes="1111951210" cputime="0" modfiles="109" bytes="1112236033" timestamp="2017-11-16 08:31:45" mid="5733/5752/39" elapsed="39" vmsize="0">
  <dataprocessed percentnew="0.0248" percentinhcache="0.0000" percentinfcache="0.0008" percentispresent="99.9724" percentreduced="0.0020" kbytes="1086168" />
  <datasent percentdir="0.00" percentatomic="0.00" percentctrl="0.00" percentcomposite="0.00" kbytes="0" />
</sessionprogress>

2017/11/16-08:31:45.66229 [avtar]  SessionProfile::sendstats kind: PROGRESS  mess1:
<sessionprogress keepalive="false" estimatedbytes="0" time="1510821105" paused="0" server_name="vm-griffin-6177.asl.lab.emc.com" files="109" modfilebytes="1111951210" cputime="0" modfiles="109" bytes="1112236033" timestamp="2017-11-16 08:31:45" mid="5733/5752/39" elapsed="39" vmsize="0">
  <dataprocessed percentnew="0.0248" percentinhcache="0.0000" percentinfcache="0.0008" percentispresent="99.9724" percentreduced="0.0020" kbytes="1086168" />
  <datasent percentdir="0.00" percentatomic="0.00" percentctrl="0.00" percentcomposite="0.00" kbytes="0" />
</sessionprogress>

2017/11/16-08:31:45.66242 [avtar]  SERVLOG: dpninx=0 ack=0 <PROGRESS pid="Isilon Filer" pidnum="14003" report="true" sessionid="9151082102518209" cid="0a4fc2dcc3ff974d81f16ce9c595fa5162d0d1b5" wid="MOD-1510821025182">   <sessionprogress keepalive="false" estimatedbytes="0" time="1510821105" paused="0" server_name="vm-griffin-6177.asl.lab.emc.com" files="109" modfilebytes="1111951210" cputime="0" modfiles="109" bytes="1112236033" timestamp="2017-11-16 08:31:45" mid="5733/5752/39" elapsed="39" vmsize="0">     <dataprocessed percentnew="0.0248" percentinhcache="0.0000" percentinfcache="0.0008" percentispresent="99.9724" percentreduced="0.0020" kbytes="1086168" />     <datasent percentdir="0.00" percentatomic="0.00" percentctrl="0.00" percentcomposite="0.00" kbytes="0" />   </sessionprogress> </PROGRESS> 
---------------------------------
2017/11/16-08:31:45.67429 [ctl_conn_recv-]  ctl_connection::lowdata:
recv:<status_wrapup_summary pid="Isilon Filer" exitcode="20" numbytes="0" startUTC="2017-11-16 08:31:42" pidnum="14003" newbytes="0" finishUTC="2017-11-16 08:31:45" errorcode="0" key="14003-MOD-1510821025182" cid="0a4fc2dcc3ff974d81f16ce9c595fa5162d0d1b5" mid="5733/5752/41" last_ctl_man_key="14003-MOD-1510821025182" wid="MOD-1510821025182">
  <SUMMARY totalprotectedbytes="556222976" filebytes_ddsent="275837" filecount_excluded="0" dirbytes_sent="21077" filebytes_sent="0" compbytes_ispresent="0" filebytes_ispresent="0" dirbytes_hashcache="8676" filebytes_skipped="0" totalprimarybytes="555942876" compbytes_sent="0" dirbytes_ispresent="0" chunkcount_sent="0" chunkcount_hashcache="15" filebytes_hardlink="0" dircount_sent="10" filebytes_noreason="0" filebytes_reduced="21644" filecount_hardlink="0" filecount_noreason="0" filecount_filecache="0" filebytes_ddpresent="555986304" filecount_skipped="0" compcount_hashcache="0" dircount_hashcache="6" snapview_stat="false" filebytes_filecache="0" compcount_sent="0" dircount_ispresent="0" chunkcount_ispresent="0" elapsed="37" compbytes_hashcache="0" filebytes_hashcache="9076" filecount_reduced="15" compcount_ispresent="0" totalfilebytes="556222976" totalfilecount="109" filebytes_excluded="0">
    <session numthreads="1" type="avtarbackup" expires="1516005045" ndispatchers="1" domain="" workorderid="MOD-1510821025182" numconns="1" pidnum="14003" label="MOD-1510821025182" path="/yizhou/clidev-isilon2-2-vm-griffin-6173" encrypt="tls" starttime="1510821104" labelnum="5" dispatcher0="10.25.106.177:29000" sessionid="9151082102518209" root="/" pluginid="Isilon Filer" encrypt-strength="high" user="" clientid="0a4fc2dcc3ff974d81f16ce9c595fa5162d0d1b5">
      <host numprocs="1" speed="200" osuser="root" name="vm-griffin-6173" memory="934" />
      <build msgversion="13-10" time="11:47:51" appname="avtar" zlibversion="1.2.3" lzoversion="1.08 Jul 12 2002" date="Jun 12 2017" appversion="7.5.100-183" processortype="x86_64" osversion="SLES-64" sslversion="TLSv1   OpenSSL 1.0.2a-fips 19 Mar 2015" osname="Linux" />
      <dirstats />
    </session>
    <errorsummary exitcode="0" errors="0" warnings="0" fatals="0" />
  </SUMMARY>
</status_wrapup_summary>

2017/11/16-08:31:45.67437 [utar_ctl_sup]  ctl_manbase::process_message() done
2017/11/16-08:31:45.67446 [avtar]  nbackmain::stats_data_only kind:END mess:
<SUMMARY filecount_excluded="0" filebytes_ddsent="275837" totalprotectedbytes="556222976" dirbytes_sent="21077" dirbytes_hashcache="8676" filebytes_ispresent="0" compbytes_ispresent="0" filebytes_sent="0" filebytes_skipped="0" totalprimarybytes="555942876" dirbytes_ispresent="0" compbytes_sent="0" filebytes_hardlink="0" chunkcount_hashcache="15" chunkcount_sent="0" dircount_sent="10" filebytes_noreason="0" filecount_hardlink="0" filebytes_reduced="21644" filecount_noreason="0" filecount_filecache="0" filebytes_ddpresent="555986304" filecount_skipped="0" dircount_hashcache="6" compcount_hashcache="0" filebytes_filecache="0" snapview_stat="false" compcount_sent="0" dircount_ispresent="0" chunkcount_ispresent="0" filecount_reduced="15" filebytes_hashcache="9076" compbytes_hashcache="0" elapsed="37" compcount_ispresent="0" totalfilecount="109" totalfilebytes="556222976" filebytes_excluded="0">
  <session numthreads="1" type="avtarbackup" ndispatchers="1" expires="1516005045" domain="" workorderid="MOD-1510821025182" pidnum="14003" numconns="1" label="MOD-1510821025182" path="/yizhou/clidev-isilon2-2-vm-griffin-6173" labelnum="5" starttime="1510821104" encrypt="tls" dispatcher0="10.25.106.177:29000" sessionid="9151082102518209" root="/" pluginid="Isilon Filer" encrypt-strength="high" clientid="0a4fc2dcc3ff974d81f16ce9c595fa5162d0d1b5" user="">
    <host numprocs="1" speed="200" osuser="root" name="vm-griffin-6173" memory="934" />
    <build time="11:47:51" msgversion="13-10" appname="avtar" zlibversion="1.2.3" lzoversion="1.08 Jul 12 2002" date="Jun 12 2017" appversion="7.5.100-183" processortype="x86_64" osversion="SLES-64" osname="Linux" sslversion="TLSv1   OpenSSL 1.0.2a-fips 19 Mar 2015" />
    <dirstats />
  </session>
  <errorsummary exitcode="0" errors="0" warnings="0" fatals="0" />
  <sessionprogress keepalive="false" estimatedbytes="0" time="1510821105" paused="0" server_name="vm-griffin-6177.asl.lab.emc.com" files="109" modfilebytes="1111951210" cputime="0" modfiles="109" bytes="1112236033" timestamp="2017-11-16 08:31:45" mid="5733/5752/39" elapsed="39" vmsize="0">
    <dataprocessed percentnew="0.0248" percentinhcache="0.0000" percentinfcache="0.0008" percentispresent="99.9724" percentreduced="0.0020" kbytes="1086168" />
    <datasent percentdir="0.00" percentatomic="0.00" percentctrl="0.00" percentcomposite="0.00" kbytes="0" />
  </sessionprogress>
</SUMMARY>

2017/11/16-08:31:45.67454 [avtar]  SessionProfile::sendstats kind: END  mess1:
<SUMMARY filecount_excluded="0" filebytes_ddsent="275837" totalprotectedbytes="556222976" dirbytes_sent="21077" dirbytes_hashcache="8676" filebytes_ispresent="0" compbytes_ispresent="0" filebytes_sent="0" filebytes_skipped="0" totalprimarybytes="555942876" dirbytes_ispresent="0" compbytes_sent="0" filebytes_hardlink="0" chunkcount_hashcache="15" chunkcount_sent="0" dircount_sent="10" filebytes_noreason="0" filecount_hardlink="0" filebytes_reduced="21644" filecount_noreason="0" filecount_filecache="0" filebytes_ddpresent="555986304" filecount_skipped="0" dircount_hashcache="6" compcount_hashcache="0" filebytes_filecache="0" snapview_stat="false" compcount_sent="0" dircount_ispresent="0" chunkcount_ispresent="0" filecount_reduced="15" filebytes_hashcache="9076" compbytes_hashcache="0" elapsed="37" compcount_ispresent="0" totalfilecount="109" totalfilebytes="556222976" filebytes_excluded="0">
  <session numthreads="1" type="avtarbackup" ndispatchers="1" expires="1516005045" domain="" workorderid="MOD-1510821025182" pidnum="14003" numconns="1" label="MOD-1510821025182" path="/yizhou/clidev-isilon2-2-vm-griffin-6173" labelnum="5" starttime="1510821104" encrypt="tls" dispatcher0="10.25.106.177:29000" sessionid="9151082102518209" root="/" pluginid="Isilon Filer" encrypt-strength="high" clientid="0a4fc2dcc3ff974d81f16ce9c595fa5162d0d1b5" user="">
    <host numprocs="1" speed="200" osuser="root" name="vm-griffin-6173" memory="934" />
    <build time="11:47:51" msgversion="13-10" appname="avtar" zlibversion="1.2.3" lzoversion="1.08 Jul 12 2002" date="Jun 12 2017" appversion="7.5.100-183" processortype="x86_64" osversion="SLES-64" osname="Linux" sslversion="TLSv1   OpenSSL 1.0.2a-fips 19 Mar 2015" />
    <dirstats />
  </session>
  <errorsummary exitcode="0" errors="0" warnings="0" fatals="0" />
  <sessionprogress keepalive="false" estimatedbytes="0" time="1510821105" paused="0" server_name="vm-griffin-6177.asl.lab.emc.com" files="109" modfilebytes="1111951210" cputime="0" modfiles="109" bytes="1112236033" timestamp="2017-11-16 08:31:45" mid="5733/5752/39" elapsed="39" vmsize="0">
    <dataprocessed percentnew="0.0248" percentinhcache="0.0000" percentinfcache="0.0008" percentispresent="99.9724" percentreduced="0.0020" kbytes="1086168" />
    <datasent percentdir="0.00" percentatomic="0.00" percentctrl="0.00" percentcomposite="0.00" kbytes="0" />
  </sessionprogress>
</SUMMARY>

2017/11/16-08:31:45.67464 [avtar]  ADEMgr::getDDRLoginInfo -- cannot return ddrLoginArgs because ddrComMgr is not initialized.
2017/11/16-08:31:45.67465 [avtar]  SessionProfile::set_ddr_attributes DDR host name is not available for index=1.
2017/11/16-08:31:45.67473 [avtar]  SERVLOG: dpninx=0 ack=0 <END pid="Isilon Filer" pidnum="14003" report="true" ddrindex="1" sessionid="9151082102518209" cid="0a4fc2dcc3ff974d81f16ce9c595fa5162d0d1b5" wid="MOD-1510821025182">   <SUMMARY filecount_excluded="0" filebytes_ddsent="275837" totalprotectedbytes="556222976" dirbytes_sent="21077" dirbytes_hashcache="8676" filebytes_ispresent="0" compbytes_ispresent="0" filebytes_sent="0" filebytes_skipped="0" totalprimarybytes="555942876" dirbytes_ispresent="0" compbytes_sent="0" filebytes_hardlink="0" chunkcount_hashcache="15" chunkcount_sent="0" dircount_sent="10" filebytes_noreason="0" filecount_hardlink="0" filebytes_reduced="21644" filecount_noreason="0" filecount_filecache="0" filebytes_ddpresent="555986304" filecount_skipped="0" dircount_hashcache="6" compcount_hashcache="0" filebytes_filecache="0" snapview_stat="false" compcount_sent="0" dircount_ispresent="0" chunkcount_ispresent="0" filecount_reduced="15" filebytes_hashcache="9076" compbytes_hashcache="0" elapsed="37" compcount_ispresent="0" totalfilecount="109" totalfilebytes="556222976" filebytes_excluded="0">     <session numthreads="1" type="avtarbackup" ndispatchers="1" expires="1516005045" domain="" workorderid="MOD-1510821025182" pidnum="14003" numconns="1" label="MOD-1510821025182" path="/yizhou/clidev-isilon2-2-vm-griffin-6173" labelnum="5" starttime="1510821104" encrypt="tls" dispatcher0="10.25.106.177:29000" sessionid="9151082102518209" root="/" pluginid="Isilon Filer" encrypt-strength="high" clientid="0a4fc2dcc3ff974d81f16ce9c595fa5162d0d1b5" user="">       <host numprocs="1" speed="200" osuser="root" name="vm-griffin-6173" memory="934" />       <build time="11:47:51" msgversion="13-10" appname="avtar" zlibversion="1.2.3" lzoversion="1.08 Jul 12 2002" date="Jun 12 2017" appversion="7.5.100-183" processortype="x86_64" osversion="SLES-64" osname="Linux" sslversion="TLSv1   OpenSSL 1.0.2a-fips 19 Mar 2015" />       <dirstats />     </session>     <errorsummary exitcode="0" errors="0" warnings="0" fatals="0" />     <sessionprogress keepalive="false" estimatedbytes="0" time="1510821105" paused="0" server_name="vm-griffin-6177.asl.lab.emc.com" files="109" modfilebytes="1111951210" cputime="0" modfiles="109" bytes="1112236033" timestamp="2017-11-16 08:31:45" mid="5733/5752/39" elapsed="39" vmsize="0">       <dataprocessed percentnew="0.0248" percentinhcache="0.0000" percentinfcache="0.0008" percentispresent="99.9724" percentreduced="0.0020" kbytes="1086168" />       <datasent percentdir="0.00" percentatomic="0.00" percentctrl="0.00" percentcomposite="0.00" kbytes="0" />     </sessionprogress>   </SUMMARY> </END> 
---------------------------------
2017/11/16-08:31:45.67544 [ctl_conn_recv-]  ctl_connection::lowdata:
recv:<cancel pid="Unix Progress" pidnum="1001" targetwid="progress-MOD-1510821025182" last_ctl_man_key="1001-progress-MOD-1510821025182" mid="3844/3859/62" wid="progress-MOD-1510821025182" />

2017/11/16-08:31:45.67550 [utar_ctl_sup]  utar_ctl_sup::process_cancel workorder: -------------
<cancel pid="Unix Progress" pidnum="1001" targetwid="progress-MOD-1510821025182" last_ctl_man_key="1001-progress-MOD-1510821025182" mid="3844/3859/62" wid="progress-MOD-1510821025182" />

-------------
2017-11-16 00:31:45 avtar Info <8758>: Canceled - exiting...
2017-11-16 00:31:45 avtar Info <9772>: Starting graceful (staged) termination, MCS cancel (wrap-up stage)
2017/11/16-08:31:45.67559 [utar_ctl_sup]  Starting graceful (staged) termination, run stage [stage:RSTAGE_WRAPUP/1 excode:EXIT_MCSCANCEL/169 skipwrap:f] (request by TID: 5814, reason: MCS cancel)
2017/11/16-08:31:45.67559 [utar_ctl_sup]  uapp_staged::RunStageMultiple::startTermination: create exit timer thread
2017/11/16-08:31:45.67564 [ExitTimer]  Startup, pid=5852 tid=41 stack=0x7feb7c30bccf td=0x7feb7eb2ef68
2017/11/16-08:31:45.67567 [utar_ctl_sup]  utar_ctl_sup::process_cancel workorder [stage:RSTAGE_WRAPUP/1 excode:EXIT_MCSCANCEL/169 skipwrap:f]
2017/11/16-08:31:45.67569 [utar_ctl_sup]  utar_ctl_sup::signal_main(1)1
2017/11/16-08:31:45.67571 [utar_ctl_sup]  ctl_manbase::process_message() done
2017/11/16-08:31:45.67572 [avtar]  nbackmain::stats_data_only terminated
2017/11/16-08:31:45.67576 [avtar]  total time =   37.2 seconds
2017/11/16-08:31:45.67577 [avtar]  total bytes/second = 0
2017/11/16-08:31:45.67577 [avtar]  atomic bytes/second = 0
2017-11-16 00:31:45 avtar Stats <6144>: total time = 37.2 seconds
2017-11-16 00:31:45 avtar Stats <6146>: total bytes/second = 0
2017-11-16 00:31:45 avtar Stats <6147>: atomic bytes/second = 0
2017-11-16 00:31:45 avtar Info <8469>: Progress avtar, no wrapup.
2017-11-16 00:31:45 avtar Info <5314>: Command completed (exit code 0: success)
2017/11/16-08:31:45.67587 [avtar]  client::runex returns 0
2017/11/16-08:31:45.67587 [avtar]  client::runex calling terminate on main sup
2017/11/16-08:31:45.67593 [utar_ctl_sup]  utar_ctl_sup::body() exiting
2017/11/16-08:31:45.67593 [utar_ctl_sup]  utar_ctl_sup::signal_main(0)1
2017/11/16-08:31:45.67595 [utar_ctl_sup]  Thread finished utar_ctl_sup
2017/11/16-08:31:45.67602 [ctl_conn_send-]  ctl_connection::lowsend:
send:<shutdown_connection ack="true" mid="5802/5802/34" />

2017/11/16-08:31:45.67605 [ctl_conn_send-]  Thread finished ctl_conn_send-
2017/11/16-08:31:45.67624 [avtar]  client::~client
2017/11/16-08:31:45.67625 [avtar]  context::~context
2017/11/16-08:31:45.67626 [avtar]  context: about to check numthreads != -1
2017/11/16-08:31:45.67626 [avtar]  context: numthreads == -1
2017/11/16-08:31:45.67627 [avtar]  context: deleting todo_queue
2017/11/16-08:31:45.67627 [avtar]  context: deleting todo_parallel_queue
2017/11/16-08:31:45.67629 [avtar]  context: deleting pdumpcontext
2017-11-16 00:31:45 avtar Stats <41300>: Final Restore Cache Stats Enabled=F Lookups=0, Enters=0, Hits=0 (of which, 0 were zero-blocks)
2017/11/16-08:31:45.67631 [avtar]  context::~context has ctl_statep
2017/11/16-08:31:45.67631 [avtar]  context: shutting down watchdog
2017/11/16-08:31:45.67632 [watchdog]  watchdog thread terminating
2017/11/16-08:31:45.67633 [watchdog]  Thread finished watchdog
2017/11/16-08:31:45.67641 [avtar]  context: Done with deletes
2017/11/16-08:31:45.67642 [avtar]  --context::~context
2017/11/16-08:31:45.67680 [avtar]  utar_ctl_sup::signal_main(1)1
2017/11/16-08:31:45.71519 [ctl_conn_recv-]  ctl_connection::lowdata:
recv:<shutdown_connection ack="false" last_ctl_man_key="1001-progress-MOD-1510821025182" mid="5802/5802/34" />

2017/11/16-08:31:45.71526 [ctl_conn_recv-]  Thread finished ctl_conn_recv-
2017/11/16-08:31:45.71626 [avtar]  Debug output redirect end

--------------------------------------------------------------------------------------------------------
----- END avtar log 2017-11-16 00:31:45 PST  (0 warnings, 0 errors, 0 fatal errors)
--------------------------------------------------------------------------------------------------------

