<logheader platform="Linux" env-locale-cs="ANSI_X3.4-1968" process_id="avtar" version="7.5.100-183" tz="PST" />

--------------------------------------------------------------------------------------------------------
-----  START avtar log 2017-11-16 00:47:55 PST  [7.5.100-183 Linux-x86_64]
--------------------------------------------------------------------------------------------------------

2017-11-16 00:47:55 avtar Info <5008>: Logging to /usr/local/avamar/var/clidev-isilon2-2-vm-griffin-6173/progress-MOD-1510822024625-1001-Unix_Progress.log
2017-11-16 00:47:55 avtar Info <5174>: - Reading /root/.avamar
2017-11-16 00:47:55 avtar Info <5174>: - Reading /usr/local/avamar/etc/usersettings.cfg
2017-11-16 00:47:55 avtar Info <5174>: - Reading /usr/local/avamar/var/clidev-isilon2-2-vm-griffin-6173/avtar.cmd
2017/11/16-08:47:55.31226 [avtar]  uflags::parsefile  Printing flags from /usr/local/avamar/var/clidev-isilon2-2-vm-griffin-6173/avtar.cmd:
.cmd flag [1]: --debug=true
.cmd flag [2]: --x02=6144

2017/11/16-08:47:55.31228 [avtar]  Looking for flag file "/root/.avtar"
2017/11/16-08:47:55.31229 [avtar]  client::check_for_workorder begin
2017/11/16-08:47:55.31236 [avtar]  client::check_for_workorder no workorder file
2017/11/16-08:47:55.31247 [avtar]  Using Intel implementation of SHA1
2017/11/16-08:47:55.31248 [avtar]  CID flags.clientid:0
2017-11-16 00:47:55 avtar Info <5612>: - - Reading CID '/usr/local/avamar/var/clidev-isilon2-2-vm-griffin-6173/cid.bin'
2017-11-16 00:47:55 avtar Info <5614>: - - CID = 0a4fc2dcc3ff974d81f16ce9c595fa5162d0d1b5 for "vm-griffin-6177.asl.lab.emc.com" (1502998702)
2017/11/16-08:47:55.31254 [avtar]  read cid 0a4fc2dcc3ff974d81f16ce9c595fa5162d0d1b5
2017/11/16-08:47:55.31255 [avtar]  client::check_pluginid flags.pluginid:1001-Linux
2017-11-16 00:47:55 avtar Info <5551>: Command Line: /usr/local/avamar/bin/avtar.bin --flagfile=/usr/local/avamar/etc/usersettings.cfg --password=**************** --server=vm-griffin-6177.asl.lab.emc.com --id=root --debug=true --x02=6144 --sysdir=/usr/local/avamar/etc/clidev-isilon2-2-vm-griffin-6173 --bindir=/usr/local/avamar/bin --vardir=/usr/local/avamar/var/clidev-isilon2-2-vm-griffin-6173 --ctlcallport=41737 --ctlinterface=1001-progress-MOD-1510822024625 --logtimeformat=default --logtimezone=default --logfile=/usr/local/avamar/var/clidev-isilon2-2-vm-griffin-6173/progress-MOD-1510822024625-1001-Unix_Progress.log
2017-11-16 00:47:55 avtar Info <7977>: Starting at 2017-11-16 00:47:55 PST [avtar Jun 12 2017 11:47:51 7.5.100-183 Linux-x86_64]
2017/11/16-08:47:55.31261 [avtar]  starting watchdog thread
2017/11/16-08:47:55.31268 [watchdog]  Startup, pid=6204 tid=32 stack=0x7fb6a8e0fccf td=0x7fb6a91c7d00
2017/11/16-08:47:55.31269 [watchdog]  watchdog thread: cancel_timer_secs=600, pollrate=10
2017/11/16-08:47:55.31270 [avtar]  checking ctlinterface:'1001-progress-MOD-1510822024625'
2017/11/16-08:47:55.31270 [avtar]  client trying to run in ctl_mode int:1001-progress-MOD-1510822024625 port:41737
2017/11/16-08:47:55.31272 [avtar]  client.run_in_ctl_mode(127.0.0.1:41737) ctlcallport:41737 ctlinterface:1001-progress-MOD-1510822024625 xdrctl:0
2017/11/16-08:47:55.33457 [avtar]  <1291> FIPS mode enabled
2017/11/16-08:47:55.33526 [avtar]  sock::libinit(enc="tls", encrypt_strength="high", verify=0) socktype="sock_ssl"
2017/11/16-08:47:55.33527 [avtar]  sockimpl::libinit(usessl=1, verify=0, encrypt_strength="high", pemdir="/usr/local/avamar/etc/clidev-isilon2-2-vm-griffin-6173")
2017/11/16-08:47:55.33527 [avtar]  sslcontext::libinit
2017/11/16-08:47:55.33539 [avtar]  sslcontext::libinit verifypeer=0, encrypt_strength="high", global_sslctx=0x7fb6a91c1f98, global_sslctx->ctx=0x1747e50
2017/11/16-08:47:55.34145 [avtar]  utar_ctl_sup::utar_ctl_sup constructor
2017/11/16-08:47:55.34148 [avtar]  ctl_connection::handshake
2017/11/16-08:47:55.34148 [avtar]  ctl_connection::handshake
2017/11/16-08:47:55.34149 [avtar]  ctl_connection::startup_client client state:0x1749840
2017/11/16-08:47:55.34150 [avtar]  tcpsock::createrawclient ipaddr:127.0.0.1:41737
2017/11/16-08:47:55.34448 [avtar]  sockaddr_type::sockaddr_type Creating AF_INET6 socket failed with error: 'code 97: Address family not supported by protocol'. Setting family to IPv4.
2017/11/16-08:47:55.34453 [avtar]  sockimpl::initclient connect timeout = 0 ipaddr:127.0.0.1:41737 netbind:, modified_netbind:
2017/11/16-08:47:55.34483 [avtar]  ctl_connection::lowsend:
send:<greeting pid="avtar" max_message_size="268435456" msgver="2" pidnum="1001" key="1001-progress-MOD-1510822024625" msgver2="3" version="7.5.100-183" mid="6201/6201/32" last_ctl_man_key="1001-progress-MOD-1510822024625" wid="" processid="6201" />

2017/11/16-08:47:55.34760 [avtar]  ctl_connection::lowdata:
recv:<greeting pid="avtar" ack="true" max_message_size="268435456" msgver="2" pidnum="1001" key="1001-progress-MOD-1510822024625" msgverres="3" msgver2="3" version="7.5.100-183" mid="6201/6201/32" last_ctl_man_key="1001-progress-MOD-1510822024625" wid="" processid="6201" />

2017-11-16 00:47:55 avtar Info <10684>: Setting ctl message version to 3 (from 1)
2017/11/16-08:47:55.34765 [avtar]  ctl_connection::set_mess_maxsize using default maxsize for version 3
2017-11-16 00:47:55 avtar Info <16136>: Setting ctl max message size to 268435456
2017/11/16-08:47:55.34792 [ctl_connection_recv]  Startup, pid=6210 tid=33 stack=0x7fb6a860eccf td=0x7fb6a91c7b40
2017/11/16-08:47:55.34980 [ctl_conn_recv-]  ctl_connection::lowdata:
recv:<start_progress_avtar mid="3844/3859/73">
  <restore pid="Unix Progress" time="1510822045" ack="false" type="work" msgver="5" pidnum="1001" work="restore" ticket="&lt;session-ticket  ticket-ordinal=&quot;11&quot; id=&quot;9151082202477009&quot; dpn-id=&quot;1502998702&quot; client-id=&quot;0a4fc2dcc3ff974d81f16ce9c595fa5162d0d1b5&quot; user-id=&quot;restoreonly&quot; passwd=&quot;*&quot; path=&quot;/yizhou/clidev-isilon2-2-vm-griffin-6173&quot; permissions=&quot;read&quot; overtime=&quot;true&quot; valid-time-start=&quot;1510814824&quot; valid-time-end=&quot;1511426824&quot; /&gt;" key="1001-progress-MOD-1510822024625" sync="bg" sessionid="bd5f0db7f2a0d5dcae698290df963531b2541d0c" cid="0a4fc2dcc3ff974d81f16ce9c595fa5162d0d1b5" gsansid="9151082202477009" last_ctl_man_key="1001-progress-MOD-1510822024625" mid="3844/3859/71" wid="progress-MOD-1510822024625" customaction="">
    <directives>
      <flag type="string" value="tls" name="encrypt" />
      <flag type="string" value="high" name="encrypt-strength" />
      <flag type="string" value="7" name="labelnum" />
      <flag type="string" value="/yizhou/clidev-isilon2-2-vm-griffin-6173" name="path" />
      <flag type="string" value="vm-griffin-6177.asl.lab.emc.com" name="hfsaddr" />
      <flag type="string" value="27000" name="hfsport" />
      <flag type="password" value="****" name="ddr-auth-token-key" />
      <flag type="string" value="restoreonly" name="id" />
      <flag type="password" value="****" name="ap" />
    </directives>
    <catalog>
      <flag type="pulldown" value="default" name="[avtar]ddr-encrypt-strength" />
      <flag type="pulldown" value="1" name="ddr-index" />
      <flag type="pulldown" pidnum="14003" value="4" name="max-streams" />
    </catalog>
    <browse-from-catalog />
    <free-form />
    <agent_directives>
      <flag type="string" pidnum="1001" value="true" name="fakeprogress" />
      <flag type="string" value="Isilon Filer" name="pidname" />
      <flag type="string" value="14003" name="pidnum" />
      <flag type="string" value="MOD-1510822024625" name="widimage" />
      <flag type="string" value="9151082202477009" name="sessionid" />
    </agent_directives>
    <targetlist>
      <path name="/ifs/100MB_br/">
        <dir inode="1080424314" date="2017-11-16 00:45:21" internal="0" group="0" protection="drwxrwx---" name="/ifs/100MB_br" size="555942876" links="8" user="0" />
      </path>
    </targetlist>
  </restore>
</start_progress_avtar>

2017/11/16-08:47:55.34998 [ctl_conn_recv-]  ctl_connection::lowdata:
recv:<workorder_status pid="Isilon Filer" ack="false" startUTC="2017-11-16 08:47:49" pidnum="14003" work="" cid="0a4fc2dcc3ff974d81f16ce9c595fa5162d0d1b5" cumlative_duration="00:00:06" last_ctl_man_key="14003-MOD-1510822024625" mid="6128/6147/34" wid="MOD-1510822024625">
  <sessionprogress keepalive="false" time="1510822075" estimatedbytes="0" filename="..._2F100MB_5Fbr/dir-00/dir-00-04/datagen-seed-0012344000-cr-000-os-0000445625465-len-0000005448455.bin" paused="0" server_name="vm-griffin-6177.asl.lab.emc.com" files="19" modfilebytes="5764" cputime="0" modfiles="19" bytes="74856960" timestamp="2017-11-16 08:47:55" elapsed="3" mid="6128/6147/33" vmsize="0">
    <dataprocessed percentnew="99.9923" percentinfcache="0.0000" percentinhcache="0.0000" percentispresent="0.0000" percentreduced="0.0077" kbytes="73102" />
    <datasent percentdir="0.00" percentatomic="0.00" percentctrl="0.00" percentcomposite="0.00" kbytes="0" />
  </sessionprogress>
</workorder_status>

2017/11/16-08:47:55.35002 [ctl_connection_send]  Startup, pid=6212 tid=34 stack=0x7fb6a7e0dccf td=0x7fb6a91e2c40
2017-11-16 00:47:55 avtar Info <6767>: Successfully connected to 127.0.0.1:41737
2017/11/16-08:47:55.35007 [avtar]  client.run_in_ctl_mode starting up sup
2017/11/16-08:47:55.35010 [utar_ctl_sup]  Startup, pid=6213 tid=35 stack=0x7fb6a760cccf td=0x7fb6a91e2a80
2017/11/16-08:47:55.35011 [utar_ctl_sup]  utar_ctl_sup::body() started
2017/11/16-08:47:55.35014 [utar_ctl_sup]  utar_ctl_sup::process_start_progress_avtar
2017/11/16-08:47:55.35078 [utar_ctl_sup]  utar_ctl_sup::parse_snapup_message workorder: -------------
<restore pid="Unix Progress" time="1510822045" ack="false" type="work" msgver="5" pidnum="1001" work="restore" ticket="&lt;session-ticket  ticket-ordinal=&quot;11&quot; id=&quot;9151082202477009&quot; dpn-id=&quot;1502998702&quot; client-id=&quot;0a4fc2dcc3ff974d81f16ce9c595fa5162d0d1b5&quot; user-id=&quot;restoreonly&quot; passwd=&quot;*&quot; path=&quot;/yizhou/clidev-isilon2-2-vm-griffin-6173&quot; permissions=&quot;read&quot; overtime=&quot;true&quot; valid-time-start=&quot;1510814824&quot; valid-time-end=&quot;1511426824&quot; /&gt;" key="1001-progress-MOD-1510822024625" sync="bg" sessionid="bd5f0db7f2a0d5dcae698290df963531b2541d0c" cid="0a4fc2dcc3ff974d81f16ce9c595fa5162d0d1b5" gsansid="9151082202477009" last_ctl_man_key="1001-progress-MOD-1510822024625" mid="3844/3859/71" wid="progress-MOD-1510822024625" customaction="">
  <directives>
    <flag type="string" value="tls" name="encrypt" />
    <flag type="string" value="high" name="encrypt-strength" />
    <flag type="string" value="7" name="labelnum" />
    <flag type="string" value="/yizhou/clidev-isilon2-2-vm-griffin-6173" name="path" />
    <flag type="string" value="vm-griffin-6177.asl.lab.emc.com" name="hfsaddr" />
    <flag type="string" value="27000" name="hfsport" />
    <flag type="password" value="****" name="ddr-auth-token-key" />
    <flag type="string" value="restoreonly" name="id" />
    <flag type="password" value="****" name="ap" />
  </directives>
  <catalog>
    <flag type="pulldown" value="default" name="[avtar]ddr-encrypt-strength" />
    <flag type="pulldown" value="1" name="ddr-index" />
    <flag type="pulldown" pidnum="14003" value="4" name="max-streams" />
  </catalog>
  <browse-from-catalog />
  <free-form />
  <agent_directives>
    <flag type="string" pidnum="1001" value="true" name="fakeprogress" />
    <flag type="string" value="Isilon Filer" name="pidname" />
    <flag type="string" value="14003" name="pidnum" />
    <flag type="string" value="MOD-1510822024625" name="widimage" />
    <flag type="string" value="9151082202477009" name="sessionid" />
  </agent_directives>
  <targetlist>
    <path name="/ifs/100MB_br/">
      <dir inode="1080424314" date="2017-11-16 00:45:21" internal="0" group="0" protection="drwxrwx---" name="/ifs/100MB_br" size="555942876" links="8" user="0" />
    </path>
  </targetlist>
</restore>

-------------
2017/11/16-08:47:55.35079 [utar_ctl_sup]  utar_ctl_sup::parse_snapup_message processing workorder
2017/11/16-08:47:55.35086 [utar_ctl_sup]  workorder::parsexmlflags 'workorder directives'
2017/11/16-08:47:55.35151 [utar_ctl_sup]  workorder::parsexmlflags 'workorder catalog'
2017/11/16-08:47:55.35156 [utar_ctl_sup]  workorder::parsexmlflags 'workorder free-form'
2017/11/16-08:47:55.35159 [utar_ctl_sup]  workorder::parsexmlflags 'workorder agent directives'
2017/11/16-08:47:55.35171 [utar_ctl_sup]  utar_ctl_sup::parse_snapup_message processing workorder done
2017-11-16 00:47:55 avtar Info <5900>: Workorder received:
<restore pid="Unix Progress" time="1510822045" ack="false" type="work" msgver="5" pidnum="1001" work="restore" ticket="&lt;session-ticket  ticket-ordinal=&quot;11&quot; id=&quot;9151082202477009&quot; dpn-id=&quot;1502998702&quot; client-id=&quot;0a4fc2dcc3ff974d81f16ce9c595fa5162d0d1b5&quot; user-id=&quot;restoreonly&quot; passwd=&quot;*&quot; path=&quot;/yizhou/clidev-isilon2-2-vm-griffin-6173&quot; permissions=&quot;read&quot; overtime=&quot;true&quot; valid-time-start=&quot;1510814824&quot; valid-time-end=&quot;1511426824&quot; /&gt;" key="1001-progress-MOD-1510822024625" sync="bg" sessionid="bd5f0db7f2a0d5dcae698290df963531b2541d0c" cid="0a4fc2dcc3ff974d81f16ce9c595fa5162d0d1b5" gsansid="9151082202477009" last_ctl_man_key="1001-progress-MOD-1510822024625" mid="3844/3859/71" wid="progress-MOD-1510822024625" customaction="">
  <directives>
    <flag type="string" value="tls" name="encrypt" />
    <flag type="string" value="high" name="encrypt-strength" />
    <flag type="string" value="7" name="labelnum" />
    <flag type="string" value="/yizhou/clidev-isilon2-2-vm-griffin-6173" name="path" />
    <flag type="string" value="vm-griffin-6177.asl.lab.emc.com" name="hfsaddr" />
    <flag type="string" value="27000" name="hfsport" />
    <flag type="password" value="****" name="ddr-auth-token-key" />
    <flag type="string" value="restoreonly" name="id" />
    <flag type="password" value="****" name="ap" />
  </directives>
  <catalog>
    <flag type="pulldown" value="default" name="[avtar]ddr-encrypt-strength" />
    <flag type="pulldown" value="1" name="ddr-index" />
    <flag type="pulldown" pidnum="14003" value="4" name="max-streams" />
  </catalog>
  <browse-from-catalog />
  <free-form />
  <agent_directives>
    <flag type="string" pidnum="1001" value="true" name="fakeprogress" />
    <flag type="string" value="Isilon Filer" name="pidname" />
    <flag type="string" value="14003" name="pidnum" />
    <flag type="string" value="MOD-1510822024625" name="widimage" />
    <flag type="string" value="9151082202477009" name="sessionid" />
  </agent_directives>
  <targetlist>
    <path name="/ifs/100MB_br/">
      <dir inode="1080424314" date="2017-11-16 00:45:21" internal="0" group="0" protection="drwxrwx---" name="/ifs/100MB_br" size="555942876" links="8" user="0" />
    </path>
  </targetlist>
</restore>

2017/11/16-08:47:55.35271 [utar_ctl_sup]  utar_ctl_sup::parse_snapup_message ok
2017/11/16-08:47:55.35339 [utar_ctl_sup]  utar_ctl_sup::signal_main(1)1
2017/11/16-08:47:55.35341 [utar_ctl_sup]  ctl_manbase::process_message() done
2017/11/16-08:47:55.35345 [utar_ctl_sup]  utar_ctl_sup::process_workorder_status
2017/11/16-08:47:55.35345 [utar_ctl_sup]  ctl_manbase::process_message() done
2017/11/16-08:47:55.35346 [avtar]  client.run_in_ctl_mode after start, before wait
2017/11/16-08:47:55.35347 [avtar]  utar_ctl_sup::should_i_do_anything back from wait (1)
2017/11/16-08:47:55.35348 [avtar]  client.run_in_ctl_mode after wait xcontinue:1
2017/11/16-08:47:55.35349 [avtar]  Looking for flag file "/usr/local/avamar/var/clidev-isilon2-2-vm-griffin-6173/avtar.cmd"
2017-11-16 00:47:55 avtar Info <5174>: - Reading /usr/local/avamar/var/clidev-isilon2-2-vm-griffin-6173/avtar.cmd
2017/11/16-08:47:55.35357 [avtar]  uflags::parsefile  Printing flags from /usr/local/avamar/var/clidev-isilon2-2-vm-griffin-6173/avtar.cmd:
.cmd flag [1]: --debug=true
.cmd flag [2]: --x02=6144

2017-11-16 00:47:55 avtar Info <6640>: Running in progress mode
2017/11/16-08:47:55.35361 [avtar]  client::RunEx: fakeprogress 1, create 1
2017/11/16-08:47:55.35362 [avtar]  client::RunEx progress avtar allowing conflicting flags cnt=2
2017-11-16 00:47:55 avtar Info <5697>: - Suppressing external name service queries for uids and gids
2017/11/16-08:47:55.35364 [avtar]  client flags.clientid:0a4fc2dcc3ff974d81f16ce9c595fa5162d0d1b5, clientid:0a4fc2dcc3ff974d81f16ce9c595fa5162d0d1b5
2017/11/16-08:47:55.35366 [avtar]  client::RunEx: flags.sessionid:9151082202477009 clientid:0a4fc2dcc3ff974d81f16ce9c595fa5162d0d1b5
2017/11/16-08:47:55.35367 [avtar]  Debug: xflag[2] = 6144 (0x1800)
2017/11/16-08:47:55.35369 [avtar]  nbackmain::initBackup()- sizeof(DIRELEM)=160 (200), sizeof(cycle)=144, sizeof(nbackfile)=480
2017/11/16-08:47:55.35372 [avtar]  include::inspect_args: pushing arg '/ifs/100MB_br'
2017-11-16 00:47:55 avtar Info <5946>: File system character encoding is UTF-8.
2017-11-16 00:47:55 avtar Info <8940>: Starting back up at 2017-11-16 00:47:55 PST as "root" on "vm-griffin-6173" (1 CPUs) [7.5.100-183]
2017/11/16-08:47:55.35382 [avtar]  nbackmain: warn_on_missing_target flag set to: false
2017/11/16-08:47:55.35386 [avtar]  snaptype:0, permissions=1, ignoreacls=0, ignorerwxmappng=0
2017-11-16 00:47:55 avtar Info <5731>: Not using include/exclude list
2017/11/16-08:47:55.35388 [avtar]  nbackmain::nbackmain root is '/ifs/100MB_br'
2017/11/16-08:47:55.35389 [avtar]  nbackmain root_path:'/ifs/100MB_br' size:2
2017/11/16-08:47:55.35390 [avtar]  lstat returns error for /ifs/100MB_br
2017/11/16-08:47:55.35392 [avtar]  nbackmain host = vm-griffin-6173, root = /ifs/100MB_br, numdirs = 0, numfiles = 0, numbytes = 0
2017/11/16-08:47:55.35393 [avtar]  nbackmain   Account Version: 2
2017/11/16-08:47:55.35393 [avtar]  context::engageAde setting adechunker to 0
2017-11-16 00:47:55 avtar Info <8474>: - Log file path: /usr/local/avamar/var/clidev-isilon2-2-vm-griffin-6173/progress-MOD-1510822024625-1001-Unix_Progress.log
2017/11/16-08:47:55.35401 [avtar]  SessionProfile::SessionProfile - profileStatusRate[dpn1] = -1
2017/11/16-08:47:55.35402 [avtar]  SessionProfile -- server update=30, status rate[0]=900, baseMB=105
2017/11/16-08:47:55.35402 [avtar]  SessionProfile -- server update=30, status rate[i]=off, baseMB=105
2017-11-16 00:47:55 avtar Info <6555>: Initializing connection
2017/11/16-08:47:55.35405 [avtar]  ADEMgr::sendFlagsToADE Calling ADE init with flags.
2017/11/16-08:47:55.35405 [avtar]  ContextADE::ContextADE() complete (time=1510822075).
2017/11/16-08:47:55.35408 [avtar]  ADEMgrX::startupADE Catalog Supported, but no --catalog-address specified
2017/11/16-08:47:55.35408 [avtar]  ADEMgr::startupADE Starting ADE.
2017/11/16-08:47:55.35409 [avtar]  ContextADE::initGComMgr(dpn0)
2017/11/16-08:47:55.35413 [avtar]  sock::libinit(enc="tls", encrypt_strength="high", verify=0) socktype="sock_ssl"
2017/11/16-08:47:55.35414 [avtar]  sockimpl::libinit(usessl=1, verify=0, encrypt_strength="high", pemdir="/usr/local/avamar/etc/clidev-isilon2-2-vm-griffin-6173")
2017/11/16-08:47:55.35414 [avtar]  sslcontext::libinit
2017/11/16-08:47:55.35415 [avtar]  sslcontext::libinit exiting since global_sslctx=0x7fb6a91c1f98
2017-11-16 00:47:55 avtar Info <5552>: Connecting to Avamar Server (vm-griffin-6177.asl.lab.emc.com)
2017-11-16 00:47:55 avtar Info <5554>: Connecting to one node in each datacenter
2017/11/16-08:47:55.35419 [avtar]  dpnconnect::create((none), 0, -1)
2017/11/16-08:47:55.35419 [avtar]  dpnconnect::create hfsaddr=vm-griffin-6177.asl.lab.emc.com
2017/11/16-08:47:55.35420 [avtar]  tabfilename = /usr/local/avamar/var/clidev-isilon2-2-vm-griffin-6173/vm-griffin-6177.asl.lab.emc.com-27000.dtb
2017/11/16-08:47:55.35422 [avtar]  sysfile::open open64 failed: code 2: No such file or directory
2017/11/16-08:47:55.35423 [avtar]  filedisk::doopen, fdesc == -1 after open attempt
2017/11/16-08:47:55.35434 [avtar]  tcpsock::createclient ipaddr:10.25.106.177:29000
2017-11-16 00:47:55 avtar Info <6578>: - - Requesting address from 10.25.106.177:29000
2017/11/16-08:47:55.35447 [avtar]  sockimpl::initclient connect timeout = 0 ipaddr:10.25.106.177:29000 netbind:, modified_netbind:
2017/11/16-08:47:55.35883 [avtar]  sslsockimpl::open  initclient success
2017/11/16-08:47:55.35888 [avtar]  certlock::certlock system_unix lockdir=/tmp/.tmp_avamar/._usr_local_avamar_etc_clidev-isilon2-2-vm-griffin-6173
2017/11/16-08:47:55.35890 [avtar]  certlock::create_certlock_dir unable to chmod old .tmp directory '/usr/local/avamar/etc/clidev-isilon2-2-vm-griffin-6173/.tmp' to 0775
2017/11/16-08:47:55.35898 [avtar]  certlock::~certlock() success to remove SSL cert lock '/tmp/.tmp_avamar/._usr_local_avamar_etc_clidev-isilon2-2-vm-griffin-6173'
2017/11/16-08:47:55.38540 [avtar]  sslsockimpl::open  initclient success, cipher: AES256-SHA
2017/11/16-08:47:55.38919 [avtar]  dpnconnect::getserveraddr trying 10.25.106.177:29000
2017/11/16-08:47:55.38921 [avtar]  dpnconnect::getserveraddr keyaddr=10.25.106.177:29000
2017/11/16-08:47:55.39309 [avtar]  dpnconnect::getserveraddr received newaddr=10.25.106.177:29000 srcaddr=10.25.106.177:29000
2017-11-16 00:47:55 avtar Info <6526>: - - Connect: Using 10.25.106.177:29000
2017-11-16 00:47:55 avtar Info <5993>: - Connect: Connected to 10.25.106.177:29000, Priv=0, SSL Cipher=AES256-SHA
2017/11/16-08:47:55.39495 [avtar]  dpnconnect::getdpninfo: servtime=1510822051.7000 clienttime=1510822075.3949 catserver=0 compressed=1 dpmmaxmessage=478
2017/11/16-08:47:55.39498 [avtar]  dpnconnect::getdpninfo serverversion=7.5.0-183 hfscreatetime=1502998702 maxmessagedatasize=65412 maxatomchunksize=65382 maxcompchunksize=32691
2017-11-16 00:47:55 avtar Info <5564>: - - Requesting dispatcher table and create time
2017-11-16 00:47:55 avtar Info <5566>: - - Table: 8 nodebits, 10 bytes, create time: 1502998702
2017/11/16-08:47:55.39540 [avtar]  checkrightdpn: olddc=0 newdc=1 numnodes=1 oldcreatetime=1502998702 newcreatetime=1502998702
2017-11-16 00:47:55 avtar Info <5724>: - - Not writing dispatcher table for single node server
2017/11/16-08:47:55.39547 [avtar]  should_request_connections: Not using connection load balancing
2017/11/16-08:47:55.39556 [avtar]  dpnconnect::create((none), 0, 0)
2017-11-16 00:47:55 avtar Info <5562>: - - Datacenter 0: Trying 10.25.106.177:29000
2017/11/16-08:47:55.39561 [avtar]  tcpsock::createclient ipaddr:10.25.106.177:29000
2017/11/16-08:47:55.39574 [avtar]  sockimpl::initclient connect timeout = 0 ipaddr:10.25.106.177:29000 netbind:, modified_netbind:
2017/11/16-08:47:55.39584 [avtar]  sslsockimpl::open  initclient success
2017/11/16-08:47:55.39588 [avtar]  certlock::certlock system_unix lockdir=/tmp/.tmp_avamar/._usr_local_avamar_etc_clidev-isilon2-2-vm-griffin-6173
2017/11/16-08:47:55.39589 [avtar]  certlock::create_certlock_dir unable to chmod old .tmp directory '/usr/local/avamar/etc/clidev-isilon2-2-vm-griffin-6173/.tmp' to 0775
2017/11/16-08:47:55.39597 [avtar]  certlock::~certlock() success to remove SSL cert lock '/tmp/.tmp_avamar/._usr_local_avamar_etc_clidev-isilon2-2-vm-griffin-6173'
2017/11/16-08:47:55.41749 [avtar]  sslsockimpl::open  initclient success, cipher: AES256-SHA
2017-11-16 00:47:55 avtar Info <5993>: - Datacenter 0 has 1 nodes: Connected to 10.25.106.177:29000, Priv=0, SSL Cipher=AES256-SHA
2017/11/16-08:47:55.41954 [avtar]  dpnconnect::getdpninfo: servtime=1510822051.7300 clienttime=1510822075.4195 catserver=0 compressed=1 dpmmaxmessage=478
2017/11/16-08:47:55.41956 [avtar]  dpnconnect::getdpninfo serverversion=7.5.0-183 hfscreatetime=1502998702 maxmessagedatasize=65412 maxatomchunksize=65382 maxcompchunksize=32691
2017-11-16 00:47:55 avtar Info <5564>: - - Requesting dispatcher table and create time
2017-11-16 00:47:55 avtar Info <5566>: - - Table: 8 nodebits, 10 bytes, create time: 1502998702
2017/11/16-08:47:55.41990 [avtar]  checkrightdpn: olddc=1 newdc=1 numnodes=1 oldcreatetime=1502998702 newcreatetime=1502998702
2017-11-16 00:47:55 avtar Info <5724>: - - Not writing dispatcher table for single node server
2017/11/16-08:47:55.41995 [avtar]  servercontext::connect() - dpninfo string: <?xml version="1.0" encoding="UTF-8" standalone="yes"?>
<dpninfo serverversion="7.5.0-183" fullserverversion="7.5.0-183" servertime="1510822051.73" iscatserver="false" compressed="true" maxmessage="478" hfsport="27000" sslport="29000" verifypeer="no" fipsenable="true" ssldebug="false" ssloptions="SSL_OP_MICROSOFT_SESS_ID_BUG,SSL_OP_NETSCAPE_CHALLENGE_BUG,SSL_OP_LEGACY_SERVER_CONNECT,SSL_OP_NETSCAPE_REUSE_CIPHER_CHANGE_BUG,SSL_OP_MICROSOFT_BIG_SSLV3_BUFFER,SSL_OP_SSLEAY_080_CLIENT_DH_BUG,SSL_OP_TLS_D5_BUG,SSL_OP_TLS_BLOCK_PADDING_BUG,SSL_OP_DONT_INSERT_EMPTY_FRAGMENTS,SSL_OP_SINGLE_DH_USE,SSL_OP_NO_SSLv2,SSL_OP_NO_SSLv3,SSL_OP_NO_TLSv1,SSL_OP_NO_TLSv1_1" sslciphers="legacy" systemcreatetime="1502998702" maxmessagedatasize="65412" maxatomchunksize="65382" maxcompchunksize="32691" ipv6enabled="true">
  <activityaccessmodes adminuser="mhpu+0hpu+0hpu" checkpoint="mhpu+0hpu+0hpu" conversion="mhpu+0hpu+0hpu" diskbeat="mhpu+0hpu+0hpu" garbagecollect="mhpu+0hpu+0hpu" heartbeat="mhpu+0hpu+0hpu" hfscheckserver="mhpu+0hpu+0hpu" hfscheckexecute="mhpu+0hpu+0hpu" nodebeat="mhpu+0hpu+0hpu" runlevel="mhpu+0hpu+0hpu" testintegrity="mhpu+0hpu+0hpu" removehashes="mhpu+0hpu+0hpu" rebuildstripe="mhpu+0hpu+0hpu" diskfull="mhpu+0hpu+0hpu" hashrefcheck="mhpu+0hpu+0hpu"/>
</dpninfo>
2017/11/16-08:47:55.42005 [avtar]  dpnconnect::checkserveractivities: Activityaccessmode simage - <activityaccessmodes garbagecollect="mhpu+0hpu+0hpu" checkpoint="mhpu+0hpu+0hpu" hashrefcheck="mhpu+0hpu+0hpu" hfscheckserver="mhpu+0hpu+0hpu" adminuser="mhpu+0hpu+0hpu" heartbeat="mhpu+0hpu+0hpu" conversion="mhpu+0hpu+0hpu" diskfull="mhpu+0hpu+0hpu" diskbeat="mhpu+0hpu+0hpu" hfscheckexecute="mhpu+0hpu+0hpu" removehashes="mhpu+0hpu+0hpu" runlevel="mhpu+0hpu+0hpu" nodebeat="mhpu+0hpu+0hpu" testintegrity="mhpu+0hpu+0hpu" rebuildstripe="mhpu+0hpu+0hpu" />

2017/11/16-08:47:55.42008 [avtar]  dpnconnect::checkserveractivities: Set ActivityAccessModes: adminuser=mhpu+0hpu+0hpu.
2017/11/16-08:47:55.42010 [avtar]  dpnconnect::checkserveractivities: Set ActivityAccessModes: checkpoint=mhpu+0hpu+0hpu.
2017/11/16-08:47:55.42012 [avtar]  dpnconnect::checkserveractivities: Set ActivityAccessModes: conversion=mhpu+0hpu+0hpu.
2017/11/16-08:47:55.42016 [avtar]  dpnconnect::checkserveractivities: Set ActivityAccessModes: diskbeat=mhpu+0hpu+0hpu.
2017/11/16-08:47:55.42018 [avtar]  dpnconnect::checkserveractivities: Set ActivityAccessModes: garbagecollect=mhpu+0hpu+0hpu.
2017/11/16-08:47:55.42020 [avtar]  dpnconnect::checkserveractivities: Set ActivityAccessModes: heartbeat=mhpu+0hpu+0hpu.
2017/11/16-08:47:55.42023 [avtar]  dpnconnect::checkserveractivities: Set ActivityAccessModes: hfscheckserver=mhpu+0hpu+0hpu.
2017/11/16-08:47:55.42025 [avtar]  dpnconnect::checkserveractivities: Set ActivityAccessModes: hfscheckexecute=mhpu+0hpu+0hpu.
2017/11/16-08:47:55.42027 [avtar]  dpnconnect::checkserveractivities: Set ActivityAccessModes: nodebeat=mhpu+0hpu+0hpu.
2017/11/16-08:47:55.42029 [avtar]  dpnconnect::checkserveractivities: Set ActivityAccessModes: runlevel=mhpu+0hpu+0hpu.
2017/11/16-08:47:55.42031 [avtar]  dpnconnect::checkserveractivities: Set ActivityAccessModes: testintegrity=mhpu+0hpu+0hpu.
2017/11/16-08:47:55.42033 [avtar]  dpnconnect::checkserveractivities: Set ActivityAccessModes: removehashes=mhpu+0hpu+0hpu.
2017/11/16-08:47:55.42035 [avtar]  dpnconnect::checkserveractivities: Set ActivityAccessModes: rebuildstripe=mhpu+0hpu+0hpu.
2017/11/16-08:47:55.42039 [avtar]  dpnconnect::checkserveractivities: Set ActivityAccessModes: diskfull=mhpu+0hpu+0hpu.
2017/11/16-08:47:55.42041 [avtar]  dpnconnect::checkserveractivities: Set ActivityAccessModes: hashrefcheck=mhpu+0hpu+0hpu.
2017/11/16-08:47:55.42042 [avtar]  servercontext: dpn=0, ms.size=1, cs.hfscreatetime=1502998702
2017/11/16-08:47:55.42043 [avtar]  servercontext: dpn=0, compression=1, maxatomchunksize=65382, maxcompchunksize=32691
2017/11/16-08:47:55.42043 [avtar]  GComMgr::init: maxpending=40, maxmaxpending=120, min_maxpending=10, parallelstreams=1
2017/11/16-08:47:55.42045 [avtar]  receivers::connect starting new receive thread owner=0x7fb6a91e2600 connref=targetaddr=10.25.106.177:29000 targetnodeid=(none) connid=nodeid=(none) id=0 available=1 tcp servaddr=10.25.106.177:29000 fd=7 bufsize=60000 isclosed=0
2017/11/16-08:47:55.42057 [ms[0]recv]  Startup, pid=6214 tid=36 stack=0x7fb6a6a0accf td=0x7fb6a91e77d0
2017/11/16-08:47:55.42059 [ms[0]recv]  msgrecv::body start
2017/11/16-08:47:55.42062 [send]  Startup, pid=6215 tid=37 stack=0x7fb6a6209ccf td=0x7fb6a91e7990
2017/11/16-08:47:55.42064 [send]  hashsend::body++
2017/11/16-08:47:55.42068 [ade-async]  Startup, pid=6216 tid=38 stack=0x7fb6a5a08ccf td=0x7fb6a6a1c8e0
2017/11/16-08:47:55.42073 [retry]  Startup, pid=6217 tid=39 stack=0x7fb6a5207ccf td=0x7fb6a6a1caa0
2017/11/16-08:47:55.42076 [avtar]  startGComMgr: Disabling GComMgr throttling
2017/11/16-08:47:55.42077 [avtar]  ContextADE::loginToServer(dpn=0)
2017/11/16-08:47:55.42077 [avtar]  GComMgr::loginToServer(dpn=0)
2017/11/16-08:47:55.42078 [avtar]  Parsing account parameters
2017/11/16-08:47:55.42083 [avtar]  session ticket from plugin interface ticket:<session-ticket  ticket-ordinal="11" id="9151082202477009" dpn-id="1502998702" client-id="0a4fc2dcc3ff974d81f16ce9c595fa5162d0d1b5" user-id="restoreonly" passwd="*" path="/yizhou/clidev-isilon2-2-vm-griffin-6173" permissions="read" overtime="true" valid-time-start="1510814824" valid-time-end="1511426824" /> hash:bd5f0db7f2a0d5dcae698290df963531b2541d0c
2017/11/16-08:47:55.42086 [avtar]  client_config_flags::read_ticket id overwritten by flags
2017/11/16-08:47:55.42088 [avtar]  client_config_flags::read_ticket sessionidxxx:9151082202477009
2017-11-16 00:47:55 avtar Info <5581>: Logging in on connection 0 with Session Ticket
2017-11-16 00:47:55 avtar Info <5582>: Avamar Server login successful
2017-11-16 00:47:55 avtar Info <5018>: - Session ID: 9151082202477009
2017/11/16-08:47:55.42134 [avtar]  servercontext::getdcindexmap getting index datacenter map for alldc
2017/11/16-08:47:55.42164 [avtar]  servercontext::getdcindexmap got index datacenter map dcbits=1 tablesize=2 matchbits=1 matchlen=2
2017/11/16-08:47:55.42166 [avtar]  GComMgr::get_cid_from_accountpath
2017/11/16-08:47:55.42745 [avtar]  CID='0a4fc2dcc3ff974d81f16ce9c595fa5162d0d1b5' using block 'start: 048520e900a4dce3b46aa572bf6ae2a20dc18c5a  path: /yizhou/clidev-isilon2-2-vm-griffin-6173  curlevel: 0' result = 1
2017-11-16 00:47:55 avtar Info <10632>: Using Client-ID='0a4fc2dcc3ff974d81f16ce9c595fa5162d0d1b5'
2017/11/16-08:47:55.42748 [avtar]  GComMgr::get_cid_from_accountpath returns 0a4fc2dcc3ff974d81f16ce9c595fa5162d0d1b5
2017/11/16-08:47:55.42749 [avtar]  ADEMgr::startupADE() -- ADE is up, connected, and logged into server
2017/11/16-08:47:55.42754 [avtar]  New adeMgr=0x7fb6a91e3c00
2017/11/16-08:47:55.42758 [hsrv0]  Startup, pid=6218 tid=40 stack=0x7fb6a4a06ccf td=0x7fb6a6a1cd38
2017/11/16-08:47:55.42762 [avtar]  sizeof(univbool)=1, sizeof(char)=1, sizeof(int)=4, sizeof(long)=8, sizeof(long long)=8, sizeof(double)=8, sizeof(void*)=8, sizeof(size_t)=8, byteorder=ABCD
2017/11/16-08:47:55.42762 [avtar]  sizeof(context)=33824, sizeof(msg)=152, sizeof(DIRELEM)=160, sizeof(mtex)=40, sizeof(safeint)=4, sizeof(countptr)=16
2017/11/16-08:47:55.42763 [avtar]  sizeof(univbool)=1, sizeof(univint16)=2, sizeof(univuns16)=2, sizeof(univuns24)=3, sizeof(univint)=4, sizeof(univuns)=4
2017/11/16-08:47:55.42763 [avtar]  sizeof(univuns40)=5, sizeof(univuns48)=6, sizeof(univuns56)=7, sizeof(univint64)=8, sizeof(univdbl)=8
2017/11/16-08:47:55.42763 [avtar]  sizeof(cycle)=144, sizeof(backchunk)=192, sizeof(nbackdir)=464, sizeof(nbackfile)=480, sizeof(backstate)=1048, sizeof(workelem)=248, sizeof(backstats)=9136
2017/11/16-08:47:55.42764 [avtar]  nbackmain::send_secondary_session_ticket fakeprogress=1
2017/11/16-08:47:55.42774 [avtar]  nbackmain::send_secondary_session_ticket doing ctl enqueque 3
2017/11/16-08:47:55.42774 [avtar]  hfs_info.clientid 0a4fc2dcc3ff974d81f16ce9c595fa5162d0d1b5
2017-11-16 00:47:55 avtar Info <5550>: Successfully logged into Avamar Server [7.5.0-183] (Compression enabled)
2017-11-16 00:47:55 avtar Info <7563>: Back up of "/ifs/100MB_br" on server "vm-griffin-6177.asl.lab.emc.com" for /yizhou/clidev-isilon2-2-vm-griffin-6173
2017/11/16-08:47:55.42778 [avtar]  nbackmain::runBackup: Original root string for session message is "/ifs/100MB_br"
2017/11/16-08:47:55.42806 [avtar]  Linux version: 2.6.32-0.  Per-process CPU time=1
2017/11/16-08:47:55.42807 [avtar]  context::loop: Nothing pending on server, only internal work (pending all=1, ext=0, int=0)
2017/11/16-08:47:55.42821 [ctl_conn_send-]  ctl_connection::lowsend:
send:<secondary_session_ticket pid="Unix Progress" pidnum="1001" key="1001-progress-MOD-1510822024625" cid="0a4fc2dcc3ff974d81f16ce9c595fa5162d0d1b5" mid="6201/6201/33" last_ctl_man_key="1001-progress-MOD-1510822024625" wid="progress-MOD-1510822024625" />

2017-11-16 00:47:55 avtar Info <5771>: Client side cache files are turned off
2017/11/16-08:47:55.42927 [avtar]  setting label from  to progress-MOD-1510822024625
2017/11/16-08:47:55.42929 [avtar]  Chunker settings: compress=1, clevel=1, cpercent=75, threshold=44000, minchunksize=2000
2017/11/16-08:47:55.42930 [avtar]  nbackmain stats_data_only
2017/11/16-08:47:55.42952 [avtar]  nbackmain::stats_data_only kind:BEGIN mess:
<sessionprogress keepalive="false" estimatedbytes="0" time="1510822075" paused="0" filename="..._2F100MB_5Fbr/dir-00/dir-00-04/datagen-seed-0012344000-cr-000-os-0000445625465-len-0000005448455.bin" server_name="vm-griffin-6177.asl.lab.emc.com" files="19" modfilebytes="5764" cputime="0" modfiles="19" bytes="74856960" timestamp="2017-11-16 08:47:55" mid="6128/6147/33" elapsed="3" vmsize="0">
  <dataprocessed percentnew="99.9923" percentinhcache="0.0000" percentinfcache="0.0000" percentispresent="0.0000" percentreduced="0.0077" kbytes="73102" />
  <datasent percentdir="0.00" percentatomic="0.00" percentctrl="0.00" percentcomposite="0.00" kbytes="0" />
  <build msgversion="13-10" time="11:47:51" appname="avtar" zlibversion="1.2.3" lzoversion="1.08 Jul 12 2002" date="Jun 12 2017" appversion="7.5.100-183" processortype="x86_64" osversion="SLES-64" sslversion="TLSv1   OpenSSL 1.0.2a-fips 19 Mar 2015" osname="Linux" />
  <session numthreads="1" type="avtarbackup" ndispatchers="1" expires="0" domain="" workorderid="MOD-1510822024625" pidnum="1001" numconns="1" path="/yizhou/clidev-isilon2-2-vm-griffin-6173" starttime="1510822075" encrypt="tls" dispatcher0="10.25.106.177:29000" sessionid="9151082202477009" root="/ifs/100MB_br" pluginid="Unix Progress" encrypt-strength="high" clientid="0a4fc2dcc3ff974d81f16ce9c595fa5162d0d1b5" user="">
    <host numprocs="1" speed="200" osuser="root" name="vm-griffin-6173" memory="934" />
    <build msgversion="13-10" time="11:47:51" appname="avtar" zlibversion="1.2.3" lzoversion="1.08 Jul 12 2002" date="Jun 12 2017" appversion="7.5.100-183" processortype="x86_64" osversion="SLES-64" sslversion="TLSv1   OpenSSL 1.0.2a-fips 19 Mar 2015" osname="Linux" />
    <dirstats numbytes="0" numfiles="0" numdirs="0" />
  </session>
</sessionprogress>

2017/11/16-08:47:55.42958 [avtar]  SessionProfile::sendstats kind: BEGIN  mess1:
<sessionprogress keepalive="false" estimatedbytes="0" time="1510822075" paused="0" filename="..._2F100MB_5Fbr/dir-00/dir-00-04/datagen-seed-0012344000-cr-000-os-0000445625465-len-0000005448455.bin" server_name="vm-griffin-6177.asl.lab.emc.com" files="19" modfilebytes="5764" cputime="0" modfiles="19" bytes="74856960" timestamp="2017-11-16 08:47:55" mid="6128/6147/33" elapsed="3" vmsize="0">
  <dataprocessed percentnew="99.9923" percentinhcache="0.0000" percentinfcache="0.0000" percentispresent="0.0000" percentreduced="0.0077" kbytes="73102" />
  <datasent percentdir="0.00" percentatomic="0.00" percentctrl="0.00" percentcomposite="0.00" kbytes="0" />
  <build msgversion="13-10" time="11:47:51" appname="avtar" zlibversion="1.2.3" lzoversion="1.08 Jul 12 2002" date="Jun 12 2017" appversion="7.5.100-183" processortype="x86_64" osversion="SLES-64" sslversion="TLSv1   OpenSSL 1.0.2a-fips 19 Mar 2015" osname="Linux" />
  <session numthreads="1" type="avtarbackup" ndispatchers="1" expires="0" domain="" workorderid="MOD-1510822024625" pidnum="1001" numconns="1" path="/yizhou/clidev-isilon2-2-vm-griffin-6173" starttime="1510822075" encrypt="tls" dispatcher0="10.25.106.177:29000" sessionid="9151082202477009" root="/ifs/100MB_br" pluginid="Unix Progress" encrypt-strength="high" clientid="0a4fc2dcc3ff974d81f16ce9c595fa5162d0d1b5" user="">
    <host numprocs="1" speed="200" osuser="root" name="vm-griffin-6173" memory="934" />
    <build msgversion="13-10" time="11:47:51" appname="avtar" zlibversion="1.2.3" lzoversion="1.08 Jul 12 2002" date="Jun 12 2017" appversion="7.5.100-183" processortype="x86_64" osversion="SLES-64" sslversion="TLSv1   OpenSSL 1.0.2a-fips 19 Mar 2015" osname="Linux" />
    <dirstats numbytes="0" numfiles="0" numdirs="0" />
  </session>
</sessionprogress>

2017/11/16-08:47:55.42977 [avtar]  SERVLOG: dpninx=0 ack=0 <BEGIN pid="Isilon Filer" pidnum="14003" report="true" sessionid="9151082202477009" cid="0a4fc2dcc3ff974d81f16ce9c595fa5162d0d1b5" wid="MOD-1510822024625">   <sessionprogress keepalive="false" estimatedbytes="0" time="1510822075" paused="0" filename="..._2F100MB_5Fbr/dir-00/dir-00-04/datagen-seed-0012344000-cr-000-os-0000445625465-len-0000005448455.bin" server_name="vm-griffin-6177.asl.lab.emc.com" files="19" modfilebytes="5764" cputime="0" modfiles="19" bytes="74856960" timestamp="2017-11-16 08:47:55" mid="6128/6147/33" elapsed="3" vmsize="0">     <dataprocessed percentnew="99.9923" percentinhcache="0.0000" percentinfcache="0.0000" percentispresent="0.0000" percentreduced="0.0077" kbytes="73102" />     <datasent percentdir="0.00" percentatomic="0.00" percentctrl="0.00" percentcomposite="0.00" kbytes="0" />     <build msgversion="13-10" time="11:47:51" appname="avtar" zlibversion="1.2.3" lzoversion="1.08 Jul 12 2002" date="Jun 12 2017" appversion="7.5.100-183" processortype="x86_64" osversion="SLES-64" sslversion="TLSv1   OpenSSL 1.0.2a-fips 19 Mar 2015" osname="Linux" />     <session numthreads="1" type="avtarbackup" ndispatchers="1" expires="0" domain="" workorderid="MOD-1510822024625" pidnum="1001" numconns="1" path="/yizhou/clidev-isilon2-2-vm-griffin-6173" starttime="1510822075" encrypt="tls" dispatcher0="10.25.106.177:29000" sessionid="9151082202477009" root="/ifs/100MB_br" pluginid="Unix Progress" encrypt-strength="high" clientid="0a4fc2dcc3ff974d81f16ce9c595fa5162d0d1b5" user="">       <host numprocs="1" speed="200" osuser="root" name="vm-griffin-6173" memory="934" />       <build msgversion="13-10" time="11:47:51" appname="avtar" zlibversion="1.2.3" lzoversion="1.08 Jul 12 2002" date="Jun 12 2017" appversion="7.5.100-183" processortype="x86_64" osversion="SLES-64" sslversion="TLSv1   OpenSSL 1.0.2a-fips 19 Mar 2015" osname="Linux" />       <dirstats numbytes="0" numfiles="0" numdirs="0" />     </session>   </sessionprogress> </BEGIN> 
---------------------------------
2017/11/16-08:48:02.92048 [ctl_conn_recv-]  ctl_connection::lowdata:
recv:<workorder_status pid="Isilon Filer" ack="false" startUTC="2017-11-16 08:47:49" pidnum="14003" work="" cid="0a4fc2dcc3ff974d81f16ce9c595fa5162d0d1b5" cumlative_duration="00:00:13" last_ctl_man_key="14003-MOD-1510822024625" mid="6128/6147/36" wid="MOD-1510822024625">
  <sessionprogress keepalive="false" time="1510822082" estimatedbytes="0" filename="_2Fifs_2F100MB_5Fbr/datagen-commands.log" paused="0" server_name="vm-griffin-6177.asl.lab.emc.com" files="110" modfilebytes="21693" cputime="0" modfiles="110" bytes="556225024" timestamp="2017-11-16 08:48:02" elapsed="11" mid="6128/6147/35" vmsize="0">
    <dataprocessed percentnew="99.9961" percentinfcache="0.0000" percentinhcache="0.0000" percentispresent="0.0000" percentreduced="0.0039" kbytes="543188" />
    <datasent percentdir="0.00" percentatomic="0.00" percentctrl="0.00" percentcomposite="0.00" kbytes="0" />
  </sessionprogress>
</workorder_status>

2017/11/16-08:48:02.92053 [utar_ctl_sup]  utar_ctl_sup::process_workorder_status
2017/11/16-08:48:02.92054 [utar_ctl_sup]  ctl_manbase::process_message() done
2017/11/16-08:48:02.92057 [avtar]  nbackmain::stats_data_only kind:PROGRESS mess:
<sessionprogress keepalive="false" estimatedbytes="0" time="1510822082" paused="0" filename="_2Fifs_2F100MB_5Fbr/datagen-commands.log" server_name="vm-griffin-6177.asl.lab.emc.com" files="110" modfilebytes="21693" cputime="0" modfiles="110" bytes="556225024" timestamp="2017-11-16 08:48:02" mid="6128/6147/35" elapsed="11" vmsize="0">
  <dataprocessed percentnew="99.9961" percentinhcache="0.0000" percentinfcache="0.0000" percentispresent="0.0000" percentreduced="0.0039" kbytes="543188" />
  <datasent percentdir="0.00" percentatomic="0.00" percentctrl="0.00" percentcomposite="0.00" kbytes="0" />
</sessionprogress>

2017/11/16-08:48:02.92064 [avtar]  SessionProfile::sendstats kind: PROGRESS  mess1:
<sessionprogress keepalive="false" estimatedbytes="0" time="1510822082" paused="0" filename="_2Fifs_2F100MB_5Fbr/datagen-commands.log" server_name="vm-griffin-6177.asl.lab.emc.com" files="110" modfilebytes="21693" cputime="0" modfiles="110" bytes="556225024" timestamp="2017-11-16 08:48:02" mid="6128/6147/35" elapsed="11" vmsize="0">
  <dataprocessed percentnew="99.9961" percentinhcache="0.0000" percentinfcache="0.0000" percentispresent="0.0000" percentreduced="0.0039" kbytes="543188" />
  <datasent percentdir="0.00" percentatomic="0.00" percentctrl="0.00" percentcomposite="0.00" kbytes="0" />
</sessionprogress>

2017/11/16-08:48:02.92075 [avtar]  SERVLOG: dpninx=0 ack=0 <PROGRESS pid="Isilon Filer" pidnum="14003" report="true" sessionid="9151082202477009" cid="0a4fc2dcc3ff974d81f16ce9c595fa5162d0d1b5" wid="MOD-1510822024625">   <sessionprogress keepalive="false" estimatedbytes="0" time="1510822082" paused="0" filename="_2Fifs_2F100MB_5Fbr/datagen-commands.log" server_name="vm-griffin-6177.asl.lab.emc.com" files="110" modfilebytes="21693" cputime="0" modfiles="110" bytes="556225024" timestamp="2017-11-16 08:48:02" mid="6128/6147/35" elapsed="11" vmsize="0">     <dataprocessed percentnew="99.9961" percentinhcache="0.0000" percentinfcache="0.0000" percentispresent="0.0000" percentreduced="0.0039" kbytes="543188" />     <datasent percentdir="0.00" percentatomic="0.00" percentctrl="0.00" percentcomposite="0.00" kbytes="0" />   </sessionprogress> </PROGRESS> 
---------------------------------
2017/11/16-08:48:04.05690 [ctl_conn_recv-]  ctl_connection::lowdata:
recv:<status_wrapup_summary pid="Isilon Filer" exitcode="20" numbytes="0" startUTC="2017-11-16 08:48:02" pidnum="14003" newbytes="0" finishUTC="2017-11-16 08:48:02" errorcode="0" key="14003-MOD-1510822024625" cid="0a4fc2dcc3ff974d81f16ce9c595fa5162d0d1b5" mid="6128/6147/37" last_ctl_man_key="14003-MOD-1510822024625" wid="MOD-1510822024625">
  <SUMMARY totalprotectedbytes="556225024" streambytes="558322176" filebytes_ddsent="556194304" filecount_excluded="0" dirbytes_sent="29664" filebytes_sent="9079" compbytes_ispresent="0" filebytes_ispresent="0" dirbytes_hashcache="0" filebytes_skipped="0" totalprimarybytes="555942876" compbytes_sent="0" dirbytes_ispresent="0" chunkcount_sent="15" chunkcount_hashcache="0" filebytes_hardlink="0" dircount_sent="15" filebytes_noreason="0" filebytes_reduced="21641" filecount_hardlink="0" filecount_noreason="0" filecount_filecache="0" filebytes_ddpresent="0" filecount_skipped="0" compcount_hashcache="0" dircount_hashcache="0" snapview_stat="false" filebytes_filecache="0" compcount_sent="0" dircount_ispresent="0" chunkcount_ispresent="0" elapsed="11" compbytes_hashcache="0" filebytes_hashcache="0" filecount_reduced="15" compcount_ispresent="0" totalfilebytes="556225024" totalfilecount="110" filebytes_excluded="0">
    <session numthreads="1" type="avtarrestore" expires="0" ndispatchers="1" domain="" workorderid="MOD-1510822024625" numconns="1" pidnum="14003" label="MOD-1510821908238#0" path="/yizhou/clidev-isilon2-2-vm-griffin-6173" labelnum="7" encrypt="tls" starttime="1510822073" dispatcher0="10.25.106.177:29000" sessionid="9151082202477009" root="" pluginid="Isilon Filer" encrypt-strength="high" user="" clientid="0a4fc2dcc3ff974d81f16ce9c595fa5162d0d1b5">
      <host numprocs="1" speed="200" osuser="root" name="vm-griffin-6173" memory="934" />
      <build msgversion="13-10" time="11:47:51" appname="avtar" zlibversion="1.2.3" lzoversion="1.08 Jul 12 2002" date="Jun 12 2017" appversion="7.5.100-183" processortype="x86_64" osversion="SLES-64" sslversion="TLSv1   OpenSSL 1.0.2a-fips 19 Mar 2015" osname="Linux" />
      <dirstats />
    </session>
    <errorsummary exitcode="0" errors="0" warnings="0" fatals="0" />
  </SUMMARY>
</status_wrapup_summary>

2017/11/16-08:48:04.05696 [utar_ctl_sup]  ctl_manbase::process_message() done
2017/11/16-08:48:04.05706 [avtar]  nbackmain::stats_data_only kind:END mess:
<SUMMARY filecount_excluded="0" filebytes_ddsent="556194304" streambytes="558322176" totalprotectedbytes="556225024" dirbytes_sent="29664" dirbytes_hashcache="0" filebytes_ispresent="0" compbytes_ispresent="0" filebytes_sent="9079" filebytes_skipped="0" totalprimarybytes="555942876" dirbytes_ispresent="0" compbytes_sent="0" filebytes_hardlink="0" chunkcount_hashcache="0" chunkcount_sent="15" dircount_sent="15" filebytes_noreason="0" filecount_hardlink="0" filebytes_reduced="21641" filecount_noreason="0" filecount_filecache="0" filebytes_ddpresent="0" filecount_skipped="0" dircount_hashcache="0" compcount_hashcache="0" filebytes_filecache="0" snapview_stat="false" compcount_sent="0" dircount_ispresent="0" chunkcount_ispresent="0" filecount_reduced="15" filebytes_hashcache="0" compbytes_hashcache="0" elapsed="11" compcount_ispresent="0" totalfilecount="110" totalfilebytes="556225024" filebytes_excluded="0">
  <session numthreads="1" type="avtarrestore" ndispatchers="1" expires="0" domain="" workorderid="MOD-1510822024625" pidnum="14003" numconns="1" label="MOD-1510821908238#0" path="/yizhou/clidev-isilon2-2-vm-griffin-6173" starttime="1510822073" encrypt="tls" labelnum="7" dispatcher0="10.25.106.177:29000" sessionid="9151082202477009" root="" pluginid="Isilon Filer" encrypt-strength="high" clientid="0a4fc2dcc3ff974d81f16ce9c595fa5162d0d1b5" user="">
    <host numprocs="1" speed="200" osuser="root" name="vm-griffin-6173" memory="934" />
    <build time="11:47:51" msgversion="13-10" appname="avtar" zlibversion="1.2.3" lzoversion="1.08 Jul 12 2002" date="Jun 12 2017" appversion="7.5.100-183" processortype="x86_64" osversion="SLES-64" osname="Linux" sslversion="TLSv1   OpenSSL 1.0.2a-fips 19 Mar 2015" />
    <dirstats />
  </session>
  <errorsummary exitcode="0" errors="0" warnings="0" fatals="0" />
  <sessionprogress keepalive="false" estimatedbytes="0" time="1510822082" paused="0" filename="_2Fifs_2F100MB_5Fbr/datagen-commands.log" server_name="vm-griffin-6177.asl.lab.emc.com" files="110" modfilebytes="21693" cputime="0" modfiles="110" bytes="556225024" timestamp="2017-11-16 08:48:02" mid="6128/6147/35" elapsed="11" vmsize="0">
    <dataprocessed percentnew="99.9961" percentinhcache="0.0000" percentinfcache="0.0000" percentispresent="0.0000" percentreduced="0.0039" kbytes="543188" />
    <datasent percentdir="0.00" percentatomic="0.00" percentctrl="0.00" percentcomposite="0.00" kbytes="0" />
  </sessionprogress>
</SUMMARY>

2017/11/16-08:48:04.05713 [avtar]  SessionProfile::sendstats kind: END  mess1:
<SUMMARY filecount_excluded="0" filebytes_ddsent="556194304" streambytes="558322176" totalprotectedbytes="556225024" dirbytes_sent="29664" dirbytes_hashcache="0" filebytes_ispresent="0" compbytes_ispresent="0" filebytes_sent="9079" filebytes_skipped="0" totalprimarybytes="555942876" dirbytes_ispresent="0" compbytes_sent="0" filebytes_hardlink="0" chunkcount_hashcache="0" chunkcount_sent="15" dircount_sent="15" filebytes_noreason="0" filecount_hardlink="0" filebytes_reduced="21641" filecount_noreason="0" filecount_filecache="0" filebytes_ddpresent="0" filecount_skipped="0" dircount_hashcache="0" compcount_hashcache="0" filebytes_filecache="0" snapview_stat="false" compcount_sent="0" dircount_ispresent="0" chunkcount_ispresent="0" filecount_reduced="15" filebytes_hashcache="0" compbytes_hashcache="0" elapsed="11" compcount_ispresent="0" totalfilecount="110" totalfilebytes="556225024" filebytes_excluded="0">
  <session numthreads="1" type="avtarrestore" ndispatchers="1" expires="0" domain="" workorderid="MOD-1510822024625" pidnum="14003" numconns="1" label="MOD-1510821908238#0" path="/yizhou/clidev-isilon2-2-vm-griffin-6173" starttime="1510822073" encrypt="tls" labelnum="7" dispatcher0="10.25.106.177:29000" sessionid="9151082202477009" root="" pluginid="Isilon Filer" encrypt-strength="high" clientid="0a4fc2dcc3ff974d81f16ce9c595fa5162d0d1b5" user="">
    <host numprocs="1" speed="200" osuser="root" name="vm-griffin-6173" memory="934" />
    <build time="11:47:51" msgversion="13-10" appname="avtar" zlibversion="1.2.3" lzoversion="1.08 Jul 12 2002" date="Jun 12 2017" appversion="7.5.100-183" processortype="x86_64" osversion="SLES-64" osname="Linux" sslversion="TLSv1   OpenSSL 1.0.2a-fips 19 Mar 2015" />
    <dirstats />
  </session>
  <errorsummary exitcode="0" errors="0" warnings="0" fatals="0" />
  <sessionprogress keepalive="false" estimatedbytes="0" time="1510822082" paused="0" filename="_2Fifs_2F100MB_5Fbr/datagen-commands.log" server_name="vm-griffin-6177.asl.lab.emc.com" files="110" modfilebytes="21693" cputime="0" modfiles="110" bytes="556225024" timestamp="2017-11-16 08:48:02" mid="6128/6147/35" elapsed="11" vmsize="0">
    <dataprocessed percentnew="99.9961" percentinhcache="0.0000" percentinfcache="0.0000" percentispresent="0.0000" percentreduced="0.0039" kbytes="543188" />
    <datasent percentdir="0.00" percentatomic="0.00" percentctrl="0.00" percentcomposite="0.00" kbytes="0" />
  </sessionprogress>
</SUMMARY>

2017/11/16-08:48:04.05732 [avtar]  SERVLOG: dpninx=0 ack=0 <END pid="Isilon Filer" pidnum="14003" report="true" sessionid="9151082202477009" cid="0a4fc2dcc3ff974d81f16ce9c595fa5162d0d1b5" wid="MOD-1510822024625">   <SUMMARY filecount_excluded="0" filebytes_ddsent="556194304" streambytes="558322176" totalprotectedbytes="556225024" dirbytes_sent="29664" dirbytes_hashcache="0" filebytes_ispresent="0" compbytes_ispresent="0" filebytes_sent="9079" filebytes_skipped="0" totalprimarybytes="555942876" dirbytes_ispresent="0" compbytes_sent="0" filebytes_hardlink="0" chunkcount_hashcache="0" chunkcount_sent="15" dircount_sent="15" filebytes_noreason="0" filecount_hardlink="0" filebytes_reduced="21641" filecount_noreason="0" filecount_filecache="0" filebytes_ddpresent="0" filecount_skipped="0" dircount_hashcache="0" compcount_hashcache="0" filebytes_filecache="0" snapview_stat="false" compcount_sent="0" dircount_ispresent="0" chunkcount_ispresent="0" filecount_reduced="15" filebytes_hashcache="0" compbytes_hashcache="0" elapsed="11" compcount_ispresent="0" totalfilecount="110" totalfilebytes="556225024" filebytes_excluded="0">     <session numthreads="1" type="avtarrestore" ndispatchers="1" expires="0" domain="" workorderid="MOD-1510822024625" pidnum="14003" numconns="1" label="MOD-1510821908238#0" path="/yizhou/clidev-isilon2-2-vm-griffin-6173" starttime="1510822073" encrypt="tls" labelnum="7" dispatcher0="10.25.106.177:29000" sessionid="9151082202477009" root="" pluginid="Isilon Filer" encrypt-strength="high" clientid="0a4fc2dcc3ff974d81f16ce9c595fa5162d0d1b5" user="">       <host numprocs="1" speed="200" osuser="root" name="vm-griffin-6173" memory="934" />       <build time="11:47:51" msgversion="13-10" appname="avtar" zlibversion="1.2.3" lzoversion="1.08 Jul 12 2002" date="Jun 12 2017" appversion="7.5.100-183" processortype="x86_64" osversion="SLES-64" osname="Linux" sslversion="TLSv1   OpenSSL 1.0.2a-fips 19 Mar 2015" />       <dirstats />     </session>     <errorsummary exitcode="0" errors="0" warnings="0" fatals="0" />     <sessionprogress keepalive="false" estimatedbytes="0" time="1510822082" paused="0" filename="_2Fifs_2F100MB_5Fbr/datagen-commands.log" server_name="vm-griffin-6177.asl.lab.emc.com" files="110" modfilebytes="21693" cputime="0" modfiles="110" bytes="556225024" timestamp="2017-11-16 08:48:02" mid="6128/6147/35" elapsed="11" vmsize="0">       <dataprocessed percentnew="99.9961" percentinhcache="0.0000" percentinfcache="0.0000" percentispresent="0.0000" percentreduced="0.0039" kbytes="543188" />       <datasent percentdir="0.00" percentatomic="0.00" percentctrl="0.00" percentcomposite="0.00" kbytes="0" />     </sessionprogress>   </SUMMARY> </END> 
---------------------------------
2017/11/16-08:48:04.05793 [ctl_conn_recv-]  ctl_connection::lowdata:
recv:<cancel pid="Unix Progress" pidnum="1001" targetwid="progress-MOD-1510822024625" last_ctl_man_key="1001-progress-MOD-1510822024625" mid="3844/3859/74" wid="progress-MOD-1510822024625" />

2017/11/16-08:48:04.05798 [utar_ctl_sup]  utar_ctl_sup::process_cancel workorder: -------------
<cancel pid="Unix Progress" pidnum="1001" targetwid="progress-MOD-1510822024625" last_ctl_man_key="1001-progress-MOD-1510822024625" mid="3844/3859/74" wid="progress-MOD-1510822024625" />

-------------
2017-11-16 00:48:04 avtar Info <8758>: Canceled - exiting...
2017-11-16 00:48:04 avtar Info <9772>: Starting graceful (staged) termination, MCS cancel (wrap-up stage)
2017/11/16-08:48:04.05807 [utar_ctl_sup]  Starting graceful (staged) termination, run stage [stage:RSTAGE_WRAPUP/1 excode:EXIT_MCSCANCEL/169 skipwrap:f] (request by TID: 6213, reason: MCS cancel)
2017/11/16-08:48:04.05808 [utar_ctl_sup]  uapp_staged::RunStageMultiple::startTermination: create exit timer thread
2017/11/16-08:48:04.05813 [ExitTimer]  Startup, pid=6220 tid=41 stack=0x7fb6a4205ccf td=0x7fb6a6a2a168
2017/11/16-08:48:04.05814 [utar_ctl_sup]  utar_ctl_sup::process_cancel workorder [stage:RSTAGE_WRAPUP/1 excode:EXIT_MCSCANCEL/169 skipwrap:f]
2017/11/16-08:48:04.05815 [utar_ctl_sup]  utar_ctl_sup::signal_main(1)1
2017/11/16-08:48:04.05817 [utar_ctl_sup]  ctl_manbase::process_message() done
2017/11/16-08:48:04.05817 [avtar]  nbackmain::stats_data_only terminated
2017/11/16-08:48:04.05820 [avtar]  total time =    8.8 seconds
2017/11/16-08:48:04.05821 [avtar]  total bytes/second = 0
2017/11/16-08:48:04.05822 [avtar]  atomic bytes/second = 0
2017-11-16 00:48:04 avtar Stats <6144>: total time = 8.8 seconds
2017-11-16 00:48:04 avtar Stats <6146>: total bytes/second = 0
2017-11-16 00:48:04 avtar Stats <6147>: atomic bytes/second = 0
2017-11-16 00:48:04 avtar Info <8469>: Progress avtar, no wrapup.
2017-11-16 00:48:04 avtar Info <5314>: Command completed (exit code 0: success)
2017/11/16-08:48:04.05830 [avtar]  client::runex returns 0
2017/11/16-08:48:04.05831 [avtar]  client::runex calling terminate on main sup
2017/11/16-08:48:04.05837 [utar_ctl_sup]  utar_ctl_sup::body() exiting
2017/11/16-08:48:04.05837 [utar_ctl_sup]  utar_ctl_sup::signal_main(0)1
2017/11/16-08:48:04.05839 [utar_ctl_sup]  Thread finished utar_ctl_sup
2017/11/16-08:48:04.05846 [ctl_conn_send-]  ctl_connection::lowsend:
send:<shutdown_connection ack="true" mid="6201/6201/34" />

2017/11/16-08:48:04.05848 [ctl_conn_send-]  Thread finished ctl_conn_send-
2017/11/16-08:48:04.05863 [avtar]  client::~client
2017/11/16-08:48:04.05864 [avtar]  context::~context
2017/11/16-08:48:04.05865 [avtar]  context: about to check numthreads != -1
2017/11/16-08:48:04.05865 [avtar]  context: numthreads == -1
2017/11/16-08:48:04.05866 [avtar]  context: deleting todo_queue
2017/11/16-08:48:04.05866 [avtar]  context: deleting todo_parallel_queue
2017/11/16-08:48:04.05867 [avtar]  context: deleting pdumpcontext
2017-11-16 00:48:04 avtar Stats <41300>: Final Restore Cache Stats Enabled=F Lookups=0, Enters=0, Hits=0 (of which, 0 were zero-blocks)
2017/11/16-08:48:04.05870 [avtar]  context::~context has ctl_statep
2017/11/16-08:48:04.05870 [avtar]  context: shutting down watchdog
2017/11/16-08:48:04.05871 [watchdog]  watchdog thread terminating
2017/11/16-08:48:04.05871 [watchdog]  Thread finished watchdog
2017/11/16-08:48:04.05879 [avtar]  context: Done with deletes
2017/11/16-08:48:04.05880 [avtar]  --context::~context
2017/11/16-08:48:04.05955 [avtar]  utar_ctl_sup::signal_main(1)1
2017/11/16-08:48:04.09519 [ctl_conn_recv-]  ctl_connection::lowdata:
recv:<shutdown_connection ack="false" last_ctl_man_key="1001-progress-MOD-1510822024625" mid="6201/6201/34" />

2017/11/16-08:48:04.09526 [ctl_conn_recv-]  Thread finished ctl_conn_recv-
2017/11/16-08:48:04.09606 [avtar]  Debug output redirect end

--------------------------------------------------------------------------------------------------------
----- END avtar log 2017-11-16 00:48:04 PST  (0 warnings, 0 errors, 0 fatal errors)
--------------------------------------------------------------------------------------------------------

